;  ASM code generated by mikroVirtualMachine for PIC - V. 8.2.0.0
;  Date/Time: 10/11/2018 12:27:38 AM
;  Info: http://www.mikroe.com


; ADDRESS	OPCODE	ASM
; ----------------------------------------------
$0000	$EFCE	F002			GOTO	_main
$0EE2	$	_Delay_1us:
;Delays.c,7 :: 			void Delay_1us() {
;Delays.c,8 :: 			Delay_us(1);
$0EE2	$0000	    			NOP
$0EE4	$0000	    			NOP
;Delays.c,9 :: 			}
$0EE6	$0012	    			RETURN
$0E82	$	_Delay_5500us:
;Delays.c,31 :: 			void Delay_5500us() {
;Delays.c,32 :: 			Delay_us(5500);
$0E82	$0E0F	    			MOVLW	15
$0E84	$6E0B	    			MOVWF	STACK_11, 0
$0E86	$0EFF	    			MOVLW	255
$0E88	$6E0A	    			MOVWF	STACK_10, 0
$0E8A	$2E0B	    			DECFSZ	STACK_11, F, 0
$0E8C	$D001	    			BRA	$+2
$0E8E	$D003	    			BRA	$+4
$0E90	$2E0A	    			DECFSZ	STACK_10, F, 0
$0E92	$D7FE	    			BRA	$-1
$0E94	$D7FA	    			BRA	$-5
$0E96	$0E3E	    			MOVLW	62
$0E98	$6E0A	    			MOVWF	STACK_10, 0
$0E9A	$2E0A	    			DECFSZ	STACK_10, F, 0
$0E9C	$D7FE	    			BRA	$-1
;Delays.c,33 :: 			}
$0E9E	$0012	    			RETURN
$0EC6	$	_Delay_50us:
;Delays.c,19 :: 			void Delay_50us() {
;Delays.c,20 :: 			Delay_us(50);
$0EC6	$0E21	    			MOVLW	33
$0EC8	$6E0A	    			MOVWF	STACK_10, 0
$0ECA	$2E0A	    			DECFSZ	STACK_10, F, 0
$0ECC	$D7FE	    			BRA	$-1
;Delays.c,21 :: 			}
$0ECE	$0012	    			RETURN
$031C	$	_SDIV3232L:
$031C	$0100	    			MOVLB	0
$031E	$5004	    			MOVF	STACK_4, W, 0
$0320	$5E08	    			SUBWF	STACK_8, F, 0
$0322	$5005	    			MOVF	STACK_5, W, 0
$0324	$A0D8	    			BTFSS	STATUS, C, 0
$0326	$3C05	    			INCFSZ	STACK_5, W, 0
$0328	$5E09	    			SUBWF	STACK_9, F, 0
$032A	$5006	    			MOVF	STACK_6, W, 0
$032C	$A0D8	    			BTFSS	STATUS, C, 0
$032E	$3C06	    			INCFSZ	STACK_6, W, 0
$0330	$5E0A	    			SUBWF	STACK_10, F, 0
$0332	$5007	    			MOVF	STACK_7, W, 0
$0334	$A0D8	    			BTFSS	STATUS, C, 0
$0336	$3C07	    			INCFSZ	STACK_7, W, 0
$0338	$5E0B	    			SUBWF	STACK_11, F, 0
$033A	$3603	    			RLCF	STACK_3, F, 0
$033C	$0E07	    			MOVLW	7
$033E	$6E0C	    			MOVWF	STACK_12, 0
$0340	$	LOOPS3232A:
$0340	$3403	    			RLCF	STACK_3, W, 0
$0342	$3608	    			RLCF	STACK_8, F, 0
$0344	$3609	    			RLCF	STACK_9, F, 0
$0346	$360A	    			RLCF	STACK_10, F, 0
$0348	$360B	    			RLCF	STACK_11, F, 0
$034A	$5004	    			MOVF	STACK_4, W, 0
$034C	$A003	    			BTFSS	STACK_3, 0, 0
$034E	$EFB8	F001			GOTO	SADD22LA
$0352	$5E08	    			SUBWF	STACK_8, F, 0
$0354	$5005	    			MOVF	STACK_5, W, 0
$0356	$A0D8	    			BTFSS	STATUS, C, 0
$0358	$3C05	    			INCFSZ	STACK_5, W, 0
$035A	$5E09	    			SUBWF	STACK_9, F, 0
$035C	$5006	    			MOVF	STACK_6, W, 0
$035E	$A0D8	    			BTFSS	STATUS, C, 0
$0360	$3C06	    			INCFSZ	STACK_6, W, 0
$0362	$5E0A	    			SUBWF	STACK_10, F, 0
$0364	$5007	    			MOVF	STACK_7, W, 0
$0366	$A0D8	    			BTFSS	STATUS, C, 0
$0368	$3C07	    			INCFSZ	STACK_7, W, 0
$036A	$5E0B	    			SUBWF	STACK_11, F, 0
$036C	$EFC5	F001			GOTO	SOK22LA
$0370	$	SADD22LA:
$0370	$2608	    			ADDWF	STACK_8, F, 0
$0372	$5005	    			MOVF	STACK_5, W, 0
$0374	$B0D8	    			BTFSC	STATUS, C, 0
$0376	$3C05	    			INCFSZ	STACK_5, W, 0
$0378	$2609	    			ADDWF	STACK_9, F, 0
$037A	$5006	    			MOVF	STACK_6, W, 0
$037C	$B0D8	    			BTFSC	STATUS, C, 0
$037E	$3C06	    			INCFSZ	STACK_6, W, 0
$0380	$260A	    			ADDWF	STACK_10, F, 0
$0382	$5007	    			MOVF	STACK_7, W, 0
$0384	$B0D8	    			BTFSC	STATUS, C, 0
$0386	$3C07	    			INCFSZ	STACK_7, W, 0
$0388	$260B	    			ADDWF	STACK_11, F, 0
$038A	$	SOK22LA:
$038A	$3603	    			RLCF	STACK_3, F, 0
$038C	$2E0C	    			DECFSZ	STACK_12, F, 0
$038E	$EFA0	F001			GOTO	LOOPS3232A
$0392	$3402	    			RLCF	STACK_2, W, 0
$0394	$3608	    			RLCF	STACK_8, F, 0
$0396	$3609	    			RLCF	STACK_9, F, 0
$0398	$360A	    			RLCF	STACK_10, F, 0
$039A	$360B	    			RLCF	STACK_11, F, 0
$039C	$5004	    			MOVF	STACK_4, W, 0
$039E	$A003	    			BTFSS	STACK_3, 0, 0
$03A0	$EFE1	F001			GOTO	SADD22L8
$03A4	$5E08	    			SUBWF	STACK_8, F, 0
$03A6	$5005	    			MOVF	STACK_5, W, 0
$03A8	$A0D8	    			BTFSS	STATUS, C, 0
$03AA	$3C05	    			INCFSZ	STACK_5, W, 0
$03AC	$5E09	    			SUBWF	STACK_9, F, 0
$03AE	$5006	    			MOVF	STACK_6, W, 0
$03B0	$A0D8	    			BTFSS	STATUS, C, 0
$03B2	$3C06	    			INCFSZ	STACK_6, W, 0
$03B4	$5E0A	    			SUBWF	STACK_10, F, 0
$03B6	$5007	    			MOVF	STACK_7, W, 0
$03B8	$A0D8	    			BTFSS	STATUS, C, 0
$03BA	$3C07	    			INCFSZ	STACK_7, W, 0
$03BC	$5E0B	    			SUBWF	STACK_11, F, 0
$03BE	$EFEE	F001			GOTO	SOK22L8
$03C2	$	SADD22L8:
$03C2	$2608	    			ADDWF	STACK_8, F, 0
$03C4	$5005	    			MOVF	STACK_5, W, 0
$03C6	$B0D8	    			BTFSC	STATUS, C, 0
$03C8	$3C05	    			INCFSZ	STACK_5, W, 0
$03CA	$2609	    			ADDWF	STACK_9, F, 0
$03CC	$5006	    			MOVF	STACK_6, W, 0
$03CE	$B0D8	    			BTFSC	STATUS, C, 0
$03D0	$3C06	    			INCFSZ	STACK_6, W, 0
$03D2	$260A	    			ADDWF	STACK_10, F, 0
$03D4	$5007	    			MOVF	STACK_7, W, 0
$03D6	$B0D8	    			BTFSC	STATUS, C, 0
$03D8	$3C07	    			INCFSZ	STACK_7, W, 0
$03DA	$260B	    			ADDWF	STACK_11, F, 0
$03DC	$	SOK22L8:
$03DC	$3602	    			RLCF	STACK_2, F, 0
$03DE	$0E07	    			MOVLW	7
$03E0	$6E0C	    			MOVWF	STACK_12, 0
$03E2	$	LOOPS3232B:
$03E2	$3402	    			RLCF	STACK_2, W, 0
$03E4	$3608	    			RLCF	STACK_8, F, 0
$03E6	$3609	    			RLCF	STACK_9, F, 0
$03E8	$360A	    			RLCF	STACK_10, F, 0
$03EA	$360B	    			RLCF	STACK_11, F, 0
$03EC	$5004	    			MOVF	STACK_4, W, 0
$03EE	$A002	    			BTFSS	STACK_2, 0, 0
$03F0	$EF09	F002			GOTO	SADD22LB
$03F4	$5E08	    			SUBWF	STACK_8, F, 0
$03F6	$5005	    			MOVF	STACK_5, W, 0
$03F8	$A0D8	    			BTFSS	STATUS, C, 0
$03FA	$3C05	    			INCFSZ	STACK_5, W, 0
$03FC	$5E09	    			SUBWF	STACK_9, F, 0
$03FE	$5006	    			MOVF	STACK_6, W, 0
$0400	$A0D8	    			BTFSS	STATUS, C, 0
$0402	$3C06	    			INCFSZ	STACK_6, W, 0
$0404	$5E0A	    			SUBWF	STACK_10, F, 0
$0406	$5007	    			MOVF	STACK_7, W, 0
$0408	$A0D8	    			BTFSS	STATUS, C, 0
$040A	$3C07	    			INCFSZ	STACK_7, W, 0
$040C	$5E0B	    			SUBWF	STACK_11, F, 0
$040E	$EF16	F002			GOTO	SOK22LB
$0412	$	SADD22LB:
$0412	$2608	    			ADDWF	STACK_8, F, 0
$0414	$5005	    			MOVF	STACK_5, W, 0
$0416	$B0D8	    			BTFSC	STATUS, C, 0
$0418	$3C05	    			INCFSZ	STACK_5, W, 0
$041A	$2609	    			ADDWF	STACK_9, F, 0
$041C	$5006	    			MOVF	STACK_6, W, 0
$041E	$B0D8	    			BTFSC	STATUS, C, 0
$0420	$3C06	    			INCFSZ	STACK_6, W, 0
$0422	$260A	    			ADDWF	STACK_10, F, 0
$0424	$5007	    			MOVF	STACK_7, W, 0
$0426	$B0D8	    			BTFSC	STATUS, C, 0
$0428	$3C07	    			INCFSZ	STACK_7, W, 0
$042A	$260B	    			ADDWF	STACK_11, F, 0
$042C	$	SOK22LB:
$042C	$3602	    			RLCF	STACK_2, F, 0
$042E	$2E0C	    			DECFSZ	STACK_12, F, 0
$0430	$EFF1	F001			GOTO	LOOPS3232B
$0434	$3401	    			RLCF	STACK_1, W, 0
$0436	$3608	    			RLCF	STACK_8, F, 0
$0438	$3609	    			RLCF	STACK_9, F, 0
$043A	$360A	    			RLCF	STACK_10, F, 0
$043C	$360B	    			RLCF	STACK_11, F, 0
$043E	$5004	    			MOVF	STACK_4, W, 0
$0440	$A002	    			BTFSS	STACK_2, 0, 0
$0442	$EF32	F002			GOTO	SADD22L16
$0446	$5E08	    			SUBWF	STACK_8, F, 0
$0448	$5005	    			MOVF	STACK_5, W, 0
$044A	$A0D8	    			BTFSS	STATUS, C, 0
$044C	$3C05	    			INCFSZ	STACK_5, W, 0
$044E	$5E09	    			SUBWF	STACK_9, F, 0
$0450	$5006	    			MOVF	STACK_6, W, 0
$0452	$A0D8	    			BTFSS	STATUS, C, 0
$0454	$3C06	    			INCFSZ	STACK_6, W, 0
$0456	$5E0A	    			SUBWF	STACK_10, F, 0
$0458	$5007	    			MOVF	STACK_7, W, 0
$045A	$A0D8	    			BTFSS	STATUS, C, 0
$045C	$3C07	    			INCFSZ	STACK_7, W, 0
$045E	$5E0B	    			SUBWF	STACK_11, F, 0
$0460	$EF3F	F002			GOTO	SOK22L16
$0464	$	SADD22L16:
$0464	$2608	    			ADDWF	STACK_8, F, 0
$0466	$5005	    			MOVF	STACK_5, W, 0
$0468	$B0D8	    			BTFSC	STATUS, C, 0
$046A	$3C05	    			INCFSZ	STACK_5, W, 0
$046C	$2609	    			ADDWF	STACK_9, F, 0
$046E	$5006	    			MOVF	STACK_6, W, 0
$0470	$B0D8	    			BTFSC	STATUS, C, 0
$0472	$3C06	    			INCFSZ	STACK_6, W, 0
$0474	$260A	    			ADDWF	STACK_10, F, 0
$0476	$5007	    			MOVF	STACK_7, W, 0
$0478	$B0D8	    			BTFSC	STATUS, C, 0
$047A	$3C07	    			INCFSZ	STACK_7, W, 0
$047C	$260B	    			ADDWF	STACK_11, F, 0
$047E	$	SOK22L16:
$047E	$3601	    			RLCF	STACK_1, F, 0
$0480	$0E07	    			MOVLW	7
$0482	$6E0C	    			MOVWF	STACK_12, 0
$0484	$	LOOPS3232C:
$0484	$3401	    			RLCF	STACK_1, W, 0
$0486	$3608	    			RLCF	STACK_8, F, 0
$0488	$3609	    			RLCF	STACK_9, F, 0
$048A	$360A	    			RLCF	STACK_10, F, 0
$048C	$360B	    			RLCF	STACK_11, F, 0
$048E	$5004	    			MOVF	STACK_4, W, 0
$0490	$A001	    			BTFSS	STACK_1, 0, 0
$0492	$EF5A	F002			GOTO	SADD22LC
$0496	$5E08	    			SUBWF	STACK_8, F, 0
$0498	$5005	    			MOVF	STACK_5, W, 0
$049A	$A0D8	    			BTFSS	STATUS, C, 0
$049C	$3C05	    			INCFSZ	STACK_5, W, 0
$049E	$5E09	    			SUBWF	STACK_9, F, 0
$04A0	$5006	    			MOVF	STACK_6, W, 0
$04A2	$A0D8	    			BTFSS	STATUS, C, 0
$04A4	$3C06	    			INCFSZ	STACK_6, W, 0
$04A6	$5E0A	    			SUBWF	STACK_10, F, 0
$04A8	$5007	    			MOVF	STACK_7, W, 0
$04AA	$A0D8	    			BTFSS	STATUS, C, 0
$04AC	$3C07	    			INCFSZ	STACK_7, W, 0
$04AE	$5E0B	    			SUBWF	STACK_11, F, 0
$04B0	$EF67	F002			GOTO	SOK22LC
$04B4	$	SADD22LC:
$04B4	$2608	    			ADDWF	STACK_8, F, 0
$04B6	$5005	    			MOVF	STACK_5, W, 0
$04B8	$B0D8	    			BTFSC	STATUS, C, 0
$04BA	$3C05	    			INCFSZ	STACK_5, W, 0
$04BC	$2609	    			ADDWF	STACK_9, F, 0
$04BE	$5006	    			MOVF	STACK_6, W, 0
$04C0	$B0D8	    			BTFSC	STATUS, C, 0
$04C2	$3C06	    			INCFSZ	STACK_6, W, 0
$04C4	$260A	    			ADDWF	STACK_10, F, 0
$04C6	$5007	    			MOVF	STACK_7, W, 0
$04C8	$B0D8	    			BTFSC	STATUS, C, 0
$04CA	$3C07	    			INCFSZ	STACK_7, W, 0
$04CC	$260B	    			ADDWF	STACK_11, F, 0
$04CE	$	SOK22LC:
$04CE	$3601	    			RLCF	STACK_1, F, 0
$04D0	$2E0C	    			DECFSZ	STACK_12, F, 0
$04D2	$EF42	F002			GOTO	LOOPS3232C
$04D6	$3400	    			RLCF	STACK_0, W, 0
$04D8	$3608	    			RLCF	STACK_8, F, 0
$04DA	$3609	    			RLCF	STACK_9, F, 0
$04DC	$360A	    			RLCF	STACK_10, F, 0
$04DE	$360B	    			RLCF	STACK_11, F, 0
$04E0	$5004	    			MOVF	STACK_4, W, 0
$04E2	$A001	    			BTFSS	STACK_1, 0, 0
$04E4	$EF83	F002			GOTO	SADD22L24
$04E8	$5E08	    			SUBWF	STACK_8, F, 0
$04EA	$5005	    			MOVF	STACK_5, W, 0
$04EC	$A0D8	    			BTFSS	STATUS, C, 0
$04EE	$3C05	    			INCFSZ	STACK_5, W, 0
$04F0	$5E09	    			SUBWF	STACK_9, F, 0
$04F2	$5006	    			MOVF	STACK_6, W, 0
$04F4	$A0D8	    			BTFSS	STATUS, C, 0
$04F6	$3C06	    			INCFSZ	STACK_6, W, 0
$04F8	$5E0A	    			SUBWF	STACK_10, F, 0
$04FA	$5007	    			MOVF	STACK_7, W, 0
$04FC	$A0D8	    			BTFSS	STATUS, C, 0
$04FE	$3C07	    			INCFSZ	STACK_7, W, 0
$0500	$5E0B	    			SUBWF	STACK_11, F, 0
$0502	$EF90	F002			GOTO	SOK22L24
$0506	$	SADD22L24:
$0506	$2608	    			ADDWF	STACK_8, F, 0
$0508	$5005	    			MOVF	STACK_5, W, 0
$050A	$B0D8	    			BTFSC	STATUS, C, 0
$050C	$3C05	    			INCFSZ	STACK_5, W, 0
$050E	$2609	    			ADDWF	STACK_9, F, 0
$0510	$5006	    			MOVF	STACK_6, W, 0
$0512	$B0D8	    			BTFSC	STATUS, C, 0
$0514	$3C06	    			INCFSZ	STACK_6, W, 0
$0516	$260A	    			ADDWF	STACK_10, F, 0
$0518	$5007	    			MOVF	STACK_7, W, 0
$051A	$B0D8	    			BTFSC	STATUS, C, 0
$051C	$3C07	    			INCFSZ	STACK_7, W, 0
$051E	$260B	    			ADDWF	STACK_11, F, 0
$0520	$	SOK22L24:
$0520	$3600	    			RLCF	STACK_0, F, 0
$0522	$0E07	    			MOVLW	7
$0524	$6E0C	    			MOVWF	STACK_12, 0
$0526	$	LOOPS3232D:
$0526	$3400	    			RLCF	STACK_0, W, 0
$0528	$3608	    			RLCF	STACK_8, F, 0
$052A	$3609	    			RLCF	STACK_9, F, 0
$052C	$360A	    			RLCF	STACK_10, F, 0
$052E	$360B	    			RLCF	STACK_11, F, 0
$0530	$5004	    			MOVF	STACK_4, W, 0
$0532	$A000	    			BTFSS	STACK_0, 0, 0
$0534	$EFAB	F002			GOTO	SADD22LD
$0538	$5E08	    			SUBWF	STACK_8, F, 0
$053A	$5005	    			MOVF	STACK_5, W, 0
$053C	$A0D8	    			BTFSS	STATUS, C, 0
$053E	$3C05	    			INCFSZ	STACK_5, W, 0
$0540	$5E09	    			SUBWF	STACK_9, F, 0
$0542	$5006	    			MOVF	STACK_6, W, 0
$0544	$A0D8	    			BTFSS	STATUS, C, 0
$0546	$3C06	    			INCFSZ	STACK_6, W, 0
$0548	$5E0A	    			SUBWF	STACK_10, F, 0
$054A	$5007	    			MOVF	STACK_7, W, 0
$054C	$A0D8	    			BTFSS	STATUS, C, 0
$054E	$3C07	    			INCFSZ	STACK_7, W, 0
$0550	$5E0B	    			SUBWF	STACK_11, F, 0
$0552	$EFB8	F002			GOTO	SOK22LD
$0556	$	SADD22LD:
$0556	$2608	    			ADDWF	STACK_8, F, 0
$0558	$5005	    			MOVF	STACK_5, W, 0
$055A	$B0D8	    			BTFSC	STATUS, C, 0
$055C	$3C05	    			INCFSZ	STACK_5, W, 0
$055E	$2609	    			ADDWF	STACK_9, F, 0
$0560	$5006	    			MOVF	STACK_6, W, 0
$0562	$B0D8	    			BTFSC	STATUS, C, 0
$0564	$3C06	    			INCFSZ	STACK_6, W, 0
$0566	$260A	    			ADDWF	STACK_10, F, 0
$0568	$5007	    			MOVF	STACK_7, W, 0
$056A	$B0D8	    			BTFSC	STATUS, C, 0
$056C	$3C07	    			INCFSZ	STACK_7, W, 0
$056E	$260B	    			ADDWF	STACK_11, F, 0
$0570	$	SOK22LD:
$0570	$3600	    			RLCF	STACK_0, F, 0
$0572	$2E0C	    			DECFSZ	STACK_12, F, 0
$0574	$EF93	F002			GOTO	LOOPS3232D
$0578	$B000	    			BTFSC	STACK_0, 0, 0
$057A	$EFCD	F002			GOTO	SOK22L
$057E	$5004	    			MOVF	STACK_4, W, 0
$0580	$2608	    			ADDWF	STACK_8, F, 0
$0582	$5005	    			MOVF	STACK_5, W, 0
$0584	$B0D8	    			BTFSC	STATUS, C, 0
$0586	$3C05	    			INCFSZ	STACK_5, W, 0
$0588	$2609	    			ADDWF	STACK_9, F, 0
$058A	$5006	    			MOVF	STACK_6, W, 0
$058C	$B0D8	    			BTFSC	STATUS, C, 0
$058E	$3C06	    			INCFSZ	STACK_6, W, 0
$0590	$260A	    			ADDWF	STACK_10, F, 0
$0592	$5007	    			MOVF	STACK_7, W, 0
$0594	$B0D8	    			BTFSC	STATUS, C, 0
$0596	$3C07	    			INCFSZ	STACK_7, W, 0
$0598	$260B	    			ADDWF	STACK_11, F, 0
$059A	$	SOK22L:
$059A	$0012	    			RETURN
$0EA0	$	_COMFREM:
$0EA0	$0100	    			MOVLB	0
$0EA2	$1E0B	    			COMF	STACK_11, F, 0
$0EA4	$1E0A	    			COMF	STACK_10, F, 0
$0EA6	$1E09	    			COMF	STACK_9, F, 0
$0EA8	$1E08	    			COMF	STACK_8, F, 0
$0EAA	$2A08	    			INCF	STACK_8, F, 0
$0EAC	$B4D8	    			BTFSC	STATUS, Z, 0
$0EAE	$2A09	    			INCF	STACK_9, F, 0
$0EB0	$B4D8	    			BTFSC	STATUS, Z, 0
$0EB2	$2A0A	    			INCF	STACK_10, F, 0
$0EB4	$B4D8	    			BTFSC	STATUS, Z, 0
$0EB6	$2A0B	    			INCF	STACK_11, F, 0
$0EB8	$0012	    			RETURN
$0B72	$	_Lcd_Cmd:
$0B72	$C015	F000			MOVFF	Lcd_main_global_portaddress, STACK_0
$0B76	$C016	F001			MOVFF	Lcd_main_global_portaddress+1, STACK_0+1
$0B7A	$C000	F015			MOVFF	STACK_0, Lcd_main_global_portaddress
$0B7E	$C001	F016			MOVFF	STACK_0+1, Lcd_main_global_portaddress+1
$0B82	$C015	FFE9			MOVFF	lcd_main_global_portaddress+0, FSR0L
$0B86	$C016	FFEA			MOVFF	lcd_main_global_portaddress+1, FSR0H
$0B8A	$0100	    			MOVLB	0
$0B8C	$5360	    			MOVF	FARG_Lcd_Cmd+0, 1, 1
$0B8E	$E000	    			BZ	L_Lcd_Cmd_0
$0B90	$	L_Lcd_Cmd_0:
$0B90	$96EF	    			BCF	INDF0, ___ENABLE, 0
$0B92	$94EF	    			BCF	INDF0, ___RS, 0
$0B94	$9EEF	    			BCF	INDF0, ___DB7, 0
$0B96	$9CEF	    			BCF	INDF0, ___DB6, 0
$0B98	$9AEF	    			BCF	INDF0, ___DB5, 0
$0B9A	$98EF	    			BCF	INDF0, ___DB4, 0
$0B9C	$BF60	    			BTFSC	FARG_Lcd_Cmd+0, 7, 1
$0B9E	$8EEF	    			BSF	INDF0, ___DB7, 0
$0BA0	$BD60	    			BTFSC	FARG_Lcd_Cmd+0, 6, 1
$0BA2	$8CEF	    			BSF	INDF0, ___DB6, 0
$0BA4	$BB60	    			BTFSC	FARG_Lcd_Cmd+0, 5, 1
$0BA6	$8AEF	    			BSF	INDF0, ___DB5, 0
$0BA8	$B960	    			BTFSC	FARG_Lcd_Cmd+0, 4, 1
$0BAA	$88EF	    			BSF	INDF0, ___DB4, 0
$0BAC	$5017	    			MOVF	Lcd_cmd_status, 0, 0
$0BAE	$0A01	    			XORLW	1
$0BB0	$E102	    			BNZ	L_Lcd_Cmd_1
$0BB2	$94EF	    			BCF	INDF0, ___RS, 0
$0BB4	$D002	    			BRA	L_Lcd_Cmd_2
$0BB6	$	L_Lcd_Cmd_1:
$0BB6	$0100	    			MOVLB	0
$0BB8	$84EF	    			BSF	INDF0, ___RS, 0
$0BBA	$	L_Lcd_Cmd_2:
$0BBA	$86EF	    			BSF	INDF0, ___ENABLE, 0
$0BBC	$EC71	F007			CALL	_Delay_1us
$0BC0	$0100	    			MOVLB	0
$0BC2	$5360	    			MOVF	FARG_Lcd_Cmd+0, 1, 1
$0BC4	$E000	    			BZ	L_Lcd_Cmd_3
$0BC6	$	L_Lcd_Cmd_3:
$0BC6	$96EF	    			BCF	INDF0, ___ENABLE, 0
$0BC8	$94EF	    			BCF	INDF0, ___RS, 0
$0BCA	$9EEF	    			BCF	INDF0, ___DB7, 0
$0BCC	$9CEF	    			BCF	INDF0, ___DB6, 0
$0BCE	$9AEF	    			BCF	INDF0, ___DB5, 0
$0BD0	$98EF	    			BCF	INDF0, ___DB4, 0
$0BD2	$B760	    			BTFSC	FARG_Lcd_Cmd+0, 3, 1
$0BD4	$8EEF	    			BSF	INDF0, ___DB7, 0
$0BD6	$B560	    			BTFSC	FARG_Lcd_Cmd+0, 2, 1
$0BD8	$8CEF	    			BSF	INDF0, ___DB6, 0
$0BDA	$B360	    			BTFSC	FARG_Lcd_Cmd+0, 1, 1
$0BDC	$8AEF	    			BSF	INDF0, ___DB5, 0
$0BDE	$B160	    			BTFSC	FARG_Lcd_Cmd+0, 0, 1
$0BE0	$88EF	    			BSF	INDF0, ___DB4, 0
$0BE2	$5017	    			MOVF	Lcd_cmd_status, 0, 0
$0BE4	$0A01	    			XORLW	1
$0BE6	$E102	    			BNZ	L_Lcd_Cmd_4
$0BE8	$94EF	    			BCF	INDF0, ___RS, 0
$0BEA	$D002	    			BRA	L_Lcd_Cmd_5
$0BEC	$	L_Lcd_Cmd_4:
$0BEC	$0100	    			MOVLB	0
$0BEE	$84EF	    			BSF	INDF0, ___RS, 0
$0BF0	$	L_Lcd_Cmd_5:
$0BF0	$0100	    			MOVLB	0
$0BF2	$86EF	    			BSF	INDF0, ___ENABLE, 0
$0BF4	$EC71	F007			CALL	_Delay_1us
$0BF8	$96EF	    			BCF	INDF0, ___ENABLE, 0
$0BFA	$5017	    			MOVF	Lcd_cmd_status, 0, 0
$0BFC	$0A01	    			XORLW	1
$0BFE	$E103	    			BNZ	L_Lcd_Cmd_6
$0C00	$EC41	F007			CALL	_Delay_5500us
$0C04	$D002	    			BRA	L_Lcd_Cmd_7
$0C06	$	L_Lcd_Cmd_6:
$0C06	$EC63	F007			CALL	_Delay_50us
$0C0A	$	L_Lcd_Cmd_7:
$0C0A	$0012	    			RETURN
$0EBA	$	_Delay_22us:
;Delays.c,15 :: 			void Delay_22us() {
;Delays.c,16 :: 			Delay_us(22);
$0EBA	$0E0E	    			MOVLW	14
$0EBC	$6E0A	    			MOVWF	STACK_10, 0
$0EBE	$2E0A	    			DECFSZ	STACK_10, F, 0
$0EC0	$D7FE	    			BRA	$-1
$0EC2	$0000	    			NOP
;Delays.c,17 :: 			}
$0EC4	$0012	    			RETURN
$0D74	$	_Mul_16x16_S:
$0D74	$0100	    			MOVLB	0
$0D76	$5000	    			MOVF	STACK_0, W, 0
$0D78	$0204	    			MULWF	STACK_4, 0
$0D7A	$CFF4	F009			MOVFF	PRODH, STACK_9
$0D7E	$CFF3	F008			MOVFF	PRODL, STACK_8
$0D82	$5001	    			MOVF	STACK_1, W, 0
$0D84	$0205	    			MULWF	STACK_5, 0
$0D86	$CFF4	F00B			MOVFF	PRODH, STACK_11
$0D8A	$CFF3	F00A			MOVFF	PRODL, STACK_10
$0D8E	$5000	    			MOVF	STACK_0, W, 0
$0D90	$0205	    			MULWF	STACK_5, 0
$0D92	$50F3	    			MOVF	PRODL, W, 0
$0D94	$2609	    			ADDWF	STACK_9, F, 0
$0D96	$50F4	    			MOVF	PRODH, W, 0
$0D98	$220A	    			ADDWFC	STACK_10, F, 0
$0D9A	$6AE8	    			CLRF	WREG, 0
$0D9C	$220B	    			ADDWFC	STACK_11, F, 0
$0D9E	$5001	    			MOVF	STACK_1, W, 0
$0DA0	$0204	    			MULWF	STACK_4, 0
$0DA2	$50F3	    			MOVF	PRODL, W, 0
$0DA4	$2609	    			ADDWF	STACK_9, F, 0
$0DA6	$50F4	    			MOVF	PRODH, W, 0
$0DA8	$220A	    			ADDWFC	STACK_10, F, 0
$0DAA	$6AE8	    			CLRF	WREG, 0
$0DAC	$220B	    			ADDWFC	STACK_11, F, 0
$0DAE	$AE05	    			BTFSS	STACK_5, 7, 0
$0DB0	$EFDE	F006			GOTO	$+5
$0DB4	$5000	    			MOVF	STACK_0, W, 0
$0DB6	$5C0A	    			SUBWF	STACK_10, W, 0
$0DB8	$5001	    			MOVF	STACK_1, W, 0
$0DBA	$580B	    			SUBWFB	STACK_11, W, 0
$0DBC	$AE01	    			BTFSS	STACK_1, 7, 0
$0DBE	$EFE5	F006			GOTO	$+5
$0DC2	$5004	    			MOVF	STACK_4, W, 0
$0DC4	$5C0A	    			SUBWF	STACK_10, W, 0
$0DC6	$5005	    			MOVF	STACK_5, W, 0
$0DC8	$580B	    			SUBWFB	STACK_11, W, 0
$0DCA	$C008	F000			MOVFF	STACK_8, STACK_0
$0DCE	$C009	F001			MOVFF	STACK_9, STACK_1
$0DD2	$C00A	F002			MOVFF	STACK_10, STACK_2
$0DD6	$C00B	F003			MOVFF	STACK_11, STACK_3
$0DDA	$0012	    			RETURN
$0926	$	_Div_32x32_S:
$0926	$0100	    			MOVLB	0
$0928	$	FXD3232S:
$0928	$6A0C	    			CLRF	STACK_12, 0
$092A	$BE07	    			BTFSC	STACK_7, 7, 0
$092C	$2A0C	    			INCF	STACK_12, F, 0
$092E	$6A0D	    			CLRF	STACK_13, 0
$0930	$6A0B	    			CLRF	STACK_11, 0
$0932	$6A0A	    			CLRF	STACK_10, 0
$0934	$6A09	    			CLRF	STACK_9, 0
$0936	$6A08	    			CLRF	STACK_8, 0
$0938	$5003	    			MOVF	STACK_3, W, 0
$093A	$1002	    			IORWF	STACK_2, W, 0
$093C	$1001	    			IORWF	STACK_1, W, 0
$093E	$1000	    			IORWF	STACK_0, W, 0
$0940	$B4D8	    			BTFSC	STATUS, Z, 0
$0942	$EF37	F005			GOTO	END_ALL
$0946	$5003	    			MOVF	STACK_3, W, 0
$0948	$1807	    			XORWF	STACK_7, W, 0
$094A	$6E0E	    			MOVWF	STACK_14, 0
$094C	$BE0E	    			BTFSC	STACK_14, 7, 0
$094E	$1E0D	    			COMF	STACK_13, F, 0
$0950	$AE07	    			BTFSS	STACK_7, 7, 0
$0952	$EFB6	F004			GOTO	CA3232S
$0956	$1E04	    			COMF	STACK_4, F, 0
$0958	$1E05	    			COMF	STACK_5, F, 0
$095A	$1E06	    			COMF	STACK_6, F, 0
$095C	$1E07	    			COMF	STACK_7, F, 0
$095E	$2A04	    			INCF	STACK_4, F, 0
$0960	$B4D8	    			BTFSC	STATUS, Z, 0
$0962	$2A05	    			INCF	STACK_5, F, 0
$0964	$B4D8	    			BTFSC	STATUS, Z, 0
$0966	$2A06	    			INCF	STACK_6, F, 0
$0968	$B4D8	    			BTFSC	STATUS, Z, 0
$096A	$2A07	    			INCF	STACK_7, F, 0
$096C	$	CA3232S:
$096C	$AE03	    			BTFSS	STACK_3, 7, 0
$096E	$EFC4	F004			GOTO	C3232SX
$0972	$1E00	    			COMF	STACK_0, F, 0
$0974	$1E01	    			COMF	STACK_1, F, 0
$0976	$1E02	    			COMF	STACK_2, F, 0
$0978	$1E03	    			COMF	STACK_3, F, 0
$097A	$2A00	    			INCF	STACK_0, F, 0
$097C	$B4D8	    			BTFSC	STATUS, Z, 0
$097E	$2A01	    			INCF	STACK_1, F, 0
$0980	$B4D8	    			BTFSC	STATUS, Z, 0
$0982	$2A02	    			INCF	STACK_2, F, 0
$0984	$B4D8	    			BTFSC	STATUS, Z, 0
$0986	$2A03	    			INCF	STACK_3, F, 0
$0988	$	C3232SX:
$0988	$5003	    			MOVF	STACK_3, W, 0
$098A	$1007	    			IORWF	STACK_7, W, 0
$098C	$6E0E	    			MOVWF	STACK_14, 0
$098E	$BE0E	    			BTFSC	STACK_14, 7, 0
$0990	$EFEA	F004			GOTO	C3232SX1
$0994	$	C3232S:
$0994	$EC8E	F001			CALL	_SDIV3232L
$0998	$	C3232S2:
$0998	$BE0C	    			BTFSC	STACK_12, 7, 0
$099A	$EF0B	F005			GOTO	C3232SX4
$099E	$	C3232SOK:
$099E	$AE0D	    			BTFSS	STACK_13, 7, 0
$09A0	$EF37	F005			GOTO	END_ALL
$09A4	$1E00	    			COMF	STACK_0, F, 0
$09A6	$1E01	    			COMF	STACK_1, F, 0
$09A8	$1E02	    			COMF	STACK_2, F, 0
$09AA	$1E03	    			COMF	STACK_3, F, 0
$09AC	$2A00	    			INCF	STACK_0, F, 0
$09AE	$B4D8	    			BTFSC	STATUS, Z, 0
$09B0	$2A01	    			INCF	STACK_1, F, 0
$09B2	$B4D8	    			BTFSC	STATUS, Z, 0
$09B4	$2A02	    			INCF	STACK_2, F, 0
$09B6	$B4D8	    			BTFSC	STATUS, Z, 0
$09B8	$2A03	    			INCF	STACK_3, F, 0
$09BA	$1E08	    			COMF	STACK_8, F, 0
$09BC	$1E09	    			COMF	STACK_9, F, 0
$09BE	$1E0A	    			COMF	STACK_10, F, 0
$09C0	$1E0B	    			COMF	STACK_11, F, 0
$09C2	$2A08	    			INCF	STACK_8, F, 0
$09C4	$B4D8	    			BTFSC	STATUS, Z, 0
$09C6	$2A09	    			INCF	STACK_9, F, 0
$09C8	$B4D8	    			BTFSC	STATUS, Z, 0
$09CA	$2A0A	    			INCF	STACK_10, F, 0
$09CC	$B4D8	    			BTFSC	STATUS, Z, 0
$09CE	$2A0B	    			INCF	STACK_11, F, 0
$09D0	$EF37	F005			GOTO	END_ALL
$09D4	$	C3232SX1:
$09D4	$AE07	    			BTFSS	STACK_7, 7, 0
$09D6	$EF04	F005			GOTO	C3232SX3
$09DA	$BE03	    			BTFSC	STACK_3, 7, 0
$09DC	$EFFE	F004			GOTO	C3232SX2
$09E0	$5003	    			MOVF	STACK_3, W, 0
$09E2	$6E0B	    			MOVWF	STACK_11, 0
$09E4	$5002	    			MOVF	STACK_2, W, 0
$09E6	$6E0A	    			MOVWF	STACK_10, 0
$09E8	$5001	    			MOVF	STACK_1, W, 0
$09EA	$6E09	    			MOVWF	STACK_9, 0
$09EC	$5000	    			MOVF	STACK_0, W, 0
$09EE	$6E08	    			MOVWF	STACK_8, 0
$09F0	$6A03	    			CLRF	STACK_3, 0
$09F2	$6A02	    			CLRF	STACK_2, 0
$09F4	$6A01	    			CLRF	STACK_1, 0
$09F6	$6A00	    			CLRF	STACK_0, 0
$09F8	$EFCF	F004			GOTO	C3232SOK
$09FC	$	C3232SX2:
$09FC	$6A03	    			CLRF	STACK_3, 0
$09FE	$6A02	    			CLRF	STACK_2, 0
$0A00	$6A01	    			CLRF	STACK_1, 0
$0A02	$6A00	    			CLRF	STACK_0, 0
$0A04	$2A00	    			INCF	STACK_0, F, 0
$0A06	$0C00	    			RETLW	0x00
$0A08	$	C3232SX3:
$0A08	$1E03	    			COMF	STACK_3, F, 0
$0A0A	$1E02	    			COMF	STACK_2, F, 0
$0A0C	$1E01	    			COMF	STACK_1, F, 0
$0A0E	$1E00	    			COMF	STACK_0, F, 0
$0A10	$8E0C	    			BSF	STACK_12, 7, 0
$0A12	$EFCA	F004			GOTO	C3232S
$0A16	$	C3232SX4:
$0A16	$2A08	    			INCF	STACK_8, F, 0
$0A18	$B4D8	    			BTFSC	STATUS, Z, 0
$0A1A	$2A09	    			INCF	STACK_9, F, 0
$0A1C	$B4D8	    			BTFSC	STATUS, Z, 0
$0A1E	$2A0A	    			INCF	STACK_10, F, 0
$0A20	$B4D8	    			BTFSC	STATUS, Z, 0
$0A22	$2A0B	    			INCF	STACK_11, F, 0
$0A24	$5004	    			MOVF	STACK_4, W, 0
$0A26	$5C08	    			SUBWF	STACK_8, W, 0
$0A28	$A4D8	    			BTFSS	STATUS, Z, 0
$0A2A	$EFCF	F004			GOTO	C3232SOK
$0A2E	$5005	    			MOVF	STACK_5, W, 0
$0A30	$5C09	    			SUBWF	STACK_9, W, 0
$0A32	$A4D8	    			BTFSS	STATUS, Z, 0
$0A34	$EFCF	F004			GOTO	C3232SOK
$0A38	$5006	    			MOVF	STACK_6, W, 0
$0A3A	$5C0A	    			SUBWF	STACK_10, W, 0
$0A3C	$A4D8	    			BTFSS	STATUS, Z, 0
$0A3E	$EFCF	F004			GOTO	C3232SOK
$0A42	$5007	    			MOVF	STACK_7, W, 0
$0A44	$5C0B	    			SUBWF	STACK_11, W, 0
$0A46	$A4D8	    			BTFSS	STATUS, Z, 0
$0A48	$EFCF	F004			GOTO	C3232SOK
$0A4C	$6A0B	    			CLRF	STACK_11, 0
$0A4E	$6A0A	    			CLRF	STACK_10, 0
$0A50	$6A09	    			CLRF	STACK_9, 0
$0A52	$6A08	    			CLRF	STACK_8, 0
$0A54	$2A00	    			INCF	STACK_0, F, 0
$0A56	$B4D8	    			BTFSC	STATUS, Z, 0
$0A58	$2A01	    			INCF	STACK_1, F, 0
$0A5A	$B4D8	    			BTFSC	STATUS, Z, 0
$0A5C	$2A02	    			INCF	STACK_2, F, 0
$0A5E	$B4D8	    			BTFSC	STATUS, Z, 0
$0A60	$2A03	    			INCF	STACK_3, F, 0
$0A62	$AE03	    			BTFSS	STACK_3, 7, 0
$0A64	$EFCF	F004			GOTO	C3232SOK
$0A68	$6A0E	    			CLRF	STACK_14, 0
$0A6A	$880E	    			BSF	STACK_14, 4, 0
$0A6C	$0CFF	    			RETLW	0xFF
$0A6E	$	END_ALL:
$0A6E	$6A0E	    			CLRF	STACK_14, 0
$0A70	$A00C	    			BTFSS	STACK_12, 0, 0
$0A72	$EF3D	F005			GOTO	avoid_comfrem
$0A76	$EC50	F007			CALL	_COMFREM
$0A7A	$	avoid_comfrem:
$0A7A	$0F00	    			ADDLW	0x00
$0A7C	$0012	    			RETURN
$0ED0	$	_PWM1_Start:
$0ED0	$9494	    			BCF	TRISC, 2, 0
$0ED2	$84CA	    			BSF	T2CON, 2, 0
$0ED4	$0E0C	    			MOVLW	12
$0ED6	$12BD	    			IORWF	CCP1CON, 1, 0
$0ED8	$0012	    			RETURN
$0A7E	$	_Lcd_Init:
$0A7E	$C061	F015			MOVFF	FARG_Lcd_Init+0, Lcd_main_global_portaddress
$0A82	$C062	F016			MOVFF	FARG_Lcd_Init+1, Lcd_main_global_portaddress+1
$0A86	$C015	FFE1			MOVFF	lcd_main_global_portaddress+0, FSR1L
$0A8A	$C016	FFE2			MOVFF	lcd_main_global_portaddress+1, FSR1H
$0A8E	$0E12	    			MOVLW	18
$0A90	$26E1	    			ADDWF	FSR1L, F, 0
$0A92	$96E7	    			BCF	INDF1, ___ENABLE, 0
$0A94	$94E7	    			BCF	INDF1, ___RS, 0
$0A96	$90E7	    			BCF	INDF1, ___RW, 0
$0A98	$9EE7	    			BCF	INDF1, ___DB7, 0
$0A9A	$9CE7	    			BCF	INDF1, ___DB6, 0
$0A9C	$9AE7	    			BCF	INDF1, ___DB5, 0
$0A9E	$98E7	    			BCF	INDF1, ___DB4, 0
$0AA0	$0E12	    			MOVLW	18
$0AA2	$5EE1	    			SUBWF	FSR1L, F, 0
$0AA4	$96E7	    			BCF	INDF1, ___ENABLE, 0
$0AA6	$94E7	    			BCF	INDF1, ___RS, 0
$0AA8	$90E7	    			BCF	INDF1, ___RW, 0
$0AAA	$9EE7	    			BCF	INDF1, ___DB7, 0
$0AAC	$9CE7	    			BCF	INDF1, ___DB6, 0
$0AAE	$9AE7	    			BCF	INDF1, ___DB5, 0
$0AB0	$98E7	    			BCF	INDF1, ___DB4, 0
$0AB2	$EC41	F007			CALL	_Delay_5500us
$0AB6	$8AE7	    			BSF	INDF1, ___DB5, 0
$0AB8	$88E7	    			BSF	INDF1, ___DB4, 0
$0ABA	$86E7	    			BSF	INDF1, ___ENABLE, 0
$0ABC	$EC71	F007			CALL	_Delay_1us
$0AC0	$96E7	    			BCF	INDF1, ___ENABLE, 0
$0AC2	$EC41	F007			CALL	_Delay_5500us
$0AC6	$8AE7	    			BSF	INDF1, ___DB5, 0
$0AC8	$88E7	    			BSF	INDF1, ___DB4, 0
$0ACA	$86E7	    			BSF	INDF1, ___ENABLE, 0
$0ACC	$EC71	F007			CALL	_Delay_1us
$0AD0	$96E7	    			BCF	INDF1, ___ENABLE, 0
$0AD2	$EC63	F007			CALL	_Delay_50us
$0AD6	$EC63	F007			CALL	_Delay_50us
$0ADA	$8AE7	    			BSF	INDF1, ___DB5, 0
$0ADC	$88E7	    			BSF	INDF1, ___DB4, 0
$0ADE	$86E7	    			BSF	INDF1, ___ENABLE, 0
$0AE0	$EC71	F007			CALL	_Delay_1us
$0AE4	$96E7	    			BCF	INDF1, ___ENABLE, 0
$0AE6	$EC41	F007			CALL	_Delay_5500us
$0AEA	$8AE7	    			BSF	INDF1, ___DB5, 0
$0AEC	$98E7	    			BCF	INDF1, ___DB4, 0
$0AEE	$86E7	    			BSF	INDF1, ___ENABLE, 0
$0AF0	$EC71	F007			CALL	_Delay_1us
$0AF4	$96E7	    			BCF	INDF1, ___ENABLE, 0
$0AF6	$EC63	F007			CALL	_Delay_50us
$0AFA	$8AE7	    			BSF	INDF1, ___DB5, 0
$0AFC	$98E7	    			BCF	INDF1, ___DB4, 0
$0AFE	$86E7	    			BSF	INDF1, ___ENABLE, 0
$0B00	$EC71	F007			CALL	_Delay_1us
$0B04	$96E7	    			BCF	INDF1, ___ENABLE, 0
$0B06	$8EE7	    			BSF	INDF1, ___DB7, 0
$0B08	$9CE7	    			BCF	INDF1, ___DB6, 0
$0B0A	$86E7	    			BSF	INDF1, ___ENABLE, 0
$0B0C	$EC71	F007			CALL	_Delay_1us
$0B10	$96E7	    			BCF	INDF1, ___ENABLE, 0
$0B12	$EC63	F007			CALL	_Delay_50us
$0B16	$0E00	    			MOVLW	0
$0B18	$6EE7	    			MOVWF	INDF1, 0
$0B1A	$86E7	    			BSF	INDF1, ___ENABLE, 0
$0B1C	$EC71	F007			CALL	_Delay_1us
$0B20	$96E7	    			BCF	INDF1, ___ENABLE, 0
$0B22	$8EE7	    			BSF	INDF1, ___DB7, 0
$0B24	$8CE7	    			BSF	INDF1, ___DB6, 0
$0B26	$8AE7	    			BSF	INDF1, ___DB5, 0
$0B28	$88E7	    			BSF	INDF1, ___DB4, 0
$0B2A	$86E7	    			BSF	INDF1, ___ENABLE, 0
$0B2C	$EC71	F007			CALL	_Delay_1us
$0B30	$96E7	    			BCF	INDF1, ___ENABLE, 0
$0B32	$EC63	F007			CALL	_Delay_50us
$0B36	$0E00	    			MOVLW	0
$0B38	$6EE7	    			MOVWF	INDF1, 0
$0B3A	$86E7	    			BSF	INDF1, ___ENABLE, 0
$0B3C	$EC71	F007			CALL	_Delay_1us
$0B40	$96E7	    			BCF	INDF1, ___ENABLE, 0
$0B42	$88E7	    			BSF	INDF1, ___DB4, 0
$0B44	$86E7	    			BSF	INDF1, ___ENABLE, 0
$0B46	$EC71	F007			CALL	_Delay_1us
$0B4A	$96E7	    			BCF	INDF1, ___ENABLE, 0
$0B4C	$EC41	F007			CALL	_Delay_5500us
$0B50	$0E00	    			MOVLW	0
$0B52	$6EE7	    			MOVWF	INDF1, 0
$0B54	$86E7	    			BSF	INDF1, ___ENABLE, 0
$0B56	$EC71	F007			CALL	_Delay_1us
$0B5A	$96E7	    			BCF	INDF1, ___ENABLE, 0
$0B5C	$8CE7	    			BSF	INDF1, ___DB6, 0
$0B5E	$8AE7	    			BSF	INDF1, ___DB5, 0
$0B60	$86E7	    			BSF	INDF1, ___ENABLE, 0
$0B62	$EC71	F007			CALL	_Delay_1us
$0B66	$96E7	    			BCF	INDF1, ___ENABLE, 0
$0B68	$EC63	F007			CALL	_Delay_50us
$0B6C	$0E01	    			MOVLW	1
$0B6E	$6E17	    			MOVWF	Lcd_cmd_status, 0
$0B70	$0012	    			RETURN
$0C0C	$	_Lcd_Out:
$0C0C	$D010	    			BRA	L_Lcd_Out_17
$0C0E	$	L_Lcd_Out_19:
$0C0E	$0E80	    			MOVLW	128
$0C10	$0100	    			MOVLB	0
$0C12	$6F61	    			MOVWF	FARG_Lcd_Out+0, 1
$0C14	$D01A	    			BRA	L_Lcd_Out_18
$0C16	$	L_Lcd_Out_20:
$0C16	$0EC0	    			MOVLW	192
$0C18	$6F61	    			MOVWF	FARG_Lcd_Out+0, 1
$0C1A	$D017	    			BRA	L_Lcd_Out_18
$0C1C	$	L_Lcd_Out_21:
$0C1C	$0E94	    			MOVLW	148
$0C1E	$6F61	    			MOVWF	FARG_Lcd_Out+0, 1
$0C20	$D014	    			BRA	L_Lcd_Out_18
$0C22	$	L_Lcd_Out_22:
$0C22	$0ED4	    			MOVLW	212
$0C24	$6F61	    			MOVWF	FARG_Lcd_Out+0, 1
$0C26	$D011	    			BRA	L_Lcd_Out_18
$0C28	$	L_Lcd_Out_23:
$0C28	$0E80	    			MOVLW	128
$0C2A	$6F61	    			MOVWF	FARG_Lcd_Out+0, 1
$0C2C	$D00E	    			BRA	L_Lcd_Out_18
$0C2E	$	L_Lcd_Out_17:
$0C2E	$0100	    			MOVLB	0
$0C30	$5161	    			MOVF	FARG_Lcd_Out+0, 0, 1
$0C32	$0A01	    			XORLW	1
$0C34	$E0EC	    			BZ	L_Lcd_Out_19
$0C36	$5161	    			MOVF	FARG_Lcd_Out+0, 0, 1
$0C38	$0A02	    			XORLW	2
$0C3A	$E0ED	    			BZ	L_Lcd_Out_20
$0C3C	$5161	    			MOVF	FARG_Lcd_Out+0, 0, 1
$0C3E	$0A03	    			XORLW	3
$0C40	$E0ED	    			BZ	L_Lcd_Out_21
$0C42	$5161	    			MOVF	FARG_Lcd_Out+0, 0, 1
$0C44	$0A04	    			XORLW	4
$0C46	$E0ED	    			BZ	L_Lcd_Out_22
$0C48	$D7EF	    			BRA	L_Lcd_Out_23
$0C4A	$	L_Lcd_Out_18:
$0C4A	$0562	    			DECF	FARG_Lcd_Out+1, 0, 1
$0C4C	$6E00	    			MOVWF	STACK_0, 0
$0C4E	$5161	    			MOVF	FARG_Lcd_Out+0, 0, 1
$0C50	$2600	    			ADDWF	STACK_0, 1, 0
$0C52	$C000	F061			MOVFF	STACK_0, FARG_Lcd_Out+0
$0C56	$C000	F060			MOVFF	STACK_0, FARG_Lcd_Cmd+0
$0C5A	$ECB9	F005			CALL	_Lcd_Cmd
$0C5E	$6A17	    			CLRF	Lcd_cmd_status, 0
$0C60	$0100	    			MOVLB	0
$0C62	$6B65	    			CLRF	Lcd_Out_i_L0, 1
$0C64	$6B66	    			CLRF	Lcd_Out_i_L0+1, 1
$0C66	$	L_Lcd_Out_24:
$0C66	$5165	    			MOVF	Lcd_Out_i_L0, 0, 1
$0C68	$2563	    			ADDWF	FARG_Lcd_Out+2, 0, 1
$0C6A	$6EE9	    			MOVWF	FSR0L, 0
$0C6C	$5166	    			MOVF	Lcd_Out_i_L0+1, 0, 1
$0C6E	$2164	    			ADDWFC	FARG_Lcd_Out+3, 0, 1
$0C70	$6EEA	    			MOVWF	FSR0L+1, 0
$0C72	$CFEE	F000			MOVFF	POSTINC0, STACK_0
$0C76	$5200	    			MOVF	STACK_0, 1, 0
$0C78	$E00E	    			BZ	L_Lcd_Out_25
$0C7A	$5165	    			MOVF	Lcd_Out_i_L0, 0, 1
$0C7C	$2563	    			ADDWF	FARG_Lcd_Out+2, 0, 1
$0C7E	$6EE9	    			MOVWF	FSR0L, 0
$0C80	$5166	    			MOVF	Lcd_Out_i_L0+1, 0, 1
$0C82	$2164	    			ADDWFC	FARG_Lcd_Out+3, 0, 1
$0C84	$6EEA	    			MOVWF	FSR0L+1, 0
$0C86	$CFEE	F060			MOVFF	POSTINC0, FARG_Lcd_Cmd+0
$0C8A	$ECB9	F005			CALL	_Lcd_Cmd
$0C8E	$0100	    			MOVLB	0
$0C90	$4B65	    			INFSNZ	Lcd_Out_i_L0, 1, 1
$0C92	$2B66	    			INCF	Lcd_Out_i_L0+1, 1, 1
$0C94	$D7E8	    			BRA	L_Lcd_Out_24
$0C96	$	L_Lcd_Out_25:
$0C96	$0E01	    			MOVLW	1
$0C98	$6E17	    			MOVWF	Lcd_cmd_status, 0
$0C9A	$0012	    			RETURN
$0E38	$	_Adc_Read:
$0E38	$6AC2	    			CLRF	ADCON0, 0
$0E3A	$0E07	    			MOVLW	7
$0E3C	$12C0	    			IORWF	ADCON2, 1, 0
$0E3E	$8EC0	    			BSF	ADCON2, 7, 0
$0E40	$C05F	F000			MOVFF	FARG_Adc_Read+0, STACK_0
$0E44	$3600	    			RLCF	STACK_0, 1, 0
$0E46	$9000	    			BCF	STACK_0, 0, 0
$0E48	$3600	    			RLCF	STACK_0, 1, 0
$0E4A	$9000	    			BCF	STACK_0, 0, 0
$0E4C	$5000	    			MOVF	STACK_0, 0, 0
$0E4E	$12C2	    			IORWF	ADCON0, 1, 0
$0E50	$80C2	    			BSF	ADCON0, 0, 0
$0E52	$EC5D	F007			CALL	_Delay_22us
$0E56	$82C2	    			BSF	ADCON0, 1, 0
$0E58	$	L_Adc_Read_0:
$0E58	$B2C2	    			BTFSC	ADCON0, 1, 0
$0E5A	$D7FE	    			BRA	L_Adc_Read_0
$0E5C	$	L_Adc_Read_1:
$0E5C	$0E08	    			MOVLW	8
$0E5E	$6E02	    			MOVWF	STACK_2, 0
$0E60	$CFC4	F000			MOVFF	ADRESH, STACK_0
$0E64	$0E00	    			MOVLW	0
$0E66	$6E01	    			MOVWF	STACK_0+1, 0
$0E68	$5002	    			MOVF	STACK_2, 0, 0
$0E6A	$	L_Adc_Read_2:
$0E6A	$E005	    			BZ	L_Adc_Read_3
$0E6C	$3600	    			RLCF	STACK_0, 1, 0
$0E6E	$9000	    			BCF	STACK_0, 0, 0
$0E70	$3601	    			RLCF	STACK_0+1, 1, 0
$0E72	$0FFF	    			ADDLW	255
$0E74	$D7FA	    			BRA	L_Adc_Read_2
$0E76	$	L_Adc_Read_3:
$0E76	$50C3	    			MOVF	ADRESL, 0, 0
$0E78	$1200	    			IORWF	STACK_0, 1, 0
$0E7A	$0E00	    			MOVLW	0
$0E7C	$1201	    			IORWF	STACK_0+1, 1, 0
$0E7E	$90C2	    			BCF	ADCON0, 0, 0
$0E80	$0012	    			RETURN
$0C9C	$	_PWM1_Change_Duty:
$0C9C	$50CB	    			MOVF	PR2, 0, 0
$0C9E	$0F01	    			ADDLW	1
$0CA0	$6E00	    			MOVWF	STACK_0, 0
$0CA2	$6A01	    			CLRF	STACK_0+1, 0
$0CA4	$0E00	    			MOVLW	0
$0CA6	$2201	    			ADDWFC	STACK_0+1, 1, 0
$0CA8	$C05F	F004			MOVFF	FARG_PWM1_Change_Duty+0, STACK_4
$0CAC	$0E00	    			MOVLW	0
$0CAE	$6E05	    			MOVWF	STACK_4+1, 0
$0CB0	$ECBA	F006			CALL	_mul_16x16_s
$0CB4	$0E06	    			MOVLW	6
$0CB6	$6E02	    			MOVWF	STACK_2, 0
$0CB8	$C000	F004			MOVFF	STACK_0, STACK_4
$0CBC	$C001	F005			MOVFF	STACK_0+1, STACK_4+1
$0CC0	$5002	    			MOVF	STACK_2, 0, 0
$0CC2	$	L_PWM1_Change_Duty_2:
$0CC2	$0100	    			MOVLB	0
$0CC4	$E005	    			BZ	L_PWM1_Change_Duty_3
$0CC6	$3205	    			RRCF	STACK_4+1, 1, 0
$0CC8	$3204	    			RRCF	STACK_4, 1, 0
$0CCA	$9E05	    			BCF	STACK_4+1, 7, 0
$0CCC	$0FFF	    			ADDLW	255
$0CCE	$D7F9	    			BRA	L_PWM1_Change_Duty_2
$0CD0	$	L_PWM1_Change_Duty_3:
$0CD0	$C004	F000			MOVFF	STACK_4, STACK_0
$0CD4	$3600	    			RLCF	STACK_0, 1, 0
$0CD6	$9000	    			BCF	STACK_0, 0, 0
$0CD8	$3600	    			RLCF	STACK_0, 1, 0
$0CDA	$9000	    			BCF	STACK_0, 0, 0
$0CDC	$3600	    			RLCF	STACK_0, 1, 0
$0CDE	$9000	    			BCF	STACK_0, 0, 0
$0CE0	$3600	    			RLCF	STACK_0, 1, 0
$0CE2	$9000	    			BCF	STACK_0, 0, 0
$0CE4	$0E30	    			MOVLW	48
$0CE6	$1400	    			ANDWF	STACK_0, 0, 0
$0CE8	$6E03	    			MOVWF	STACK_3, 0
$0CEA	$C004	F000			MOVFF	STACK_4, STACK_0
$0CEE	$C005	F001			MOVFF	STACK_4+1, STACK_0+1
$0CF2	$3201	    			RRCF	STACK_0+1, 1, 0
$0CF4	$3200	    			RRCF	STACK_0, 1, 0
$0CF6	$9E01	    			BCF	STACK_0+1, 7, 0
$0CF8	$3201	    			RRCF	STACK_0+1, 1, 0
$0CFA	$3200	    			RRCF	STACK_0, 1, 0
$0CFC	$9E01	    			BCF	STACK_0+1, 7, 0
$0CFE	$C000	FFBE			MOVFF	STACK_0, CCPR1L
$0D02	$0E0F	    			MOVLW	15
$0D04	$16BD	    			ANDWF	CCP1CON, 1, 0
$0D06	$5003	    			MOVF	STACK_3, 0, 0
$0D08	$12BD	    			IORWF	CCP1CON, 1, 0
$0D0A	$0012	    			RETURN
$07A4	$	_LongToStr:
$07A4	$0100	    			MOVLB	0
$07A6	$6B6C	    			CLRF	LongToStr_negative_L0, 1
$07A8	$C061	F067			MOVFF	FARG_LongToStr+0, LongToStr_inlong_L0
$07AC	$C062	F068			MOVFF	FARG_LongToStr+1, LongToStr_inlong_L0+1
$07B0	$C063	F069			MOVFF	FARG_LongToStr+2, LongToStr_inlong_L0+2
$07B4	$C064	F06A			MOVFF	FARG_LongToStr+3, LongToStr_inlong_L0+3
$07B8	$0E80	    			MOVLW	128
$07BA	$1964	    			XORWF	FARG_LongToStr+3, 0, 1
$07BC	$6E00	    			MOVWF	STACK_0, 0
$07BE	$0E80	    			MOVLW	128
$07C0	$5C00	    			SUBWF	STACK_0, 0, 0
$07C2	$E108	    			BNZ	L_LongToStr_53
$07C4	$0E00	    			MOVLW	0
$07C6	$5D63	    			SUBWF	FARG_LongToStr+2, 0, 1
$07C8	$E105	    			BNZ	L_LongToStr_53
$07CA	$0E00	    			MOVLW	0
$07CC	$5D62	    			SUBWF	FARG_LongToStr+1, 0, 1
$07CE	$E102	    			BNZ	L_LongToStr_53
$07D0	$0E00	    			MOVLW	0
$07D2	$5D61	    			SUBWF	FARG_LongToStr+0, 0, 1
$07D4	$	L_LongToStr_53:
$07D4	$E20E	    			BC	L_LongToStr_18
$07D6	$0E01	    			MOVLW	1
$07D8	$6F6C	    			MOVWF	LongToStr_negative_L0, 1
$07DA	$6B67	    			CLRF	LongToStr_inlong_L0, 1
$07DC	$6B68	    			CLRF	LongToStr_inlong_L0+1, 1
$07DE	$6B69	    			CLRF	LongToStr_inlong_L0+2, 1
$07E0	$6B6A	    			CLRF	LongToStr_inlong_L0+3, 1
$07E2	$5161	    			MOVF	FARG_LongToStr+0, 0, 1
$07E4	$5F67	    			SUBWF	LongToStr_inlong_L0, 1, 1
$07E6	$5162	    			MOVF	FARG_LongToStr+1, 0, 1
$07E8	$5B68	    			SUBWFB	LongToStr_inlong_L0+1, 1, 1
$07EA	$5163	    			MOVF	FARG_LongToStr+2, 0, 1
$07EC	$5B69	    			SUBWFB	LongToStr_inlong_L0+2, 1, 1
$07EE	$5164	    			MOVF	FARG_LongToStr+3, 0, 1
$07F0	$5B6A	    			SUBWFB	LongToStr_inlong_L0+3, 1, 1
$07F2	$	L_LongToStr_18:
$07F2	$0100	    			MOVLB	0
$07F4	$0E01	    			MOVLW	1
$07F6	$6F6B	    			MOVWF	LongToStr_len_L0, 1
$07F8	$	L_LongToStr_19:
$07F8	$5161	    			MOVF	FARG_LongToStr+0, 0, 1
$07FA	$1162	    			IORWF	FARG_LongToStr+1, 0, 1
$07FC	$1163	    			IORWF	FARG_LongToStr+2, 0, 1
$07FE	$1164	    			IORWF	FARG_LongToStr+3, 0, 1
$0800	$E01A	    			BZ	L_LongToStr_20
$0802	$0E0A	    			MOVLW	10
$0804	$6E04	    			MOVWF	STACK_4, 0
$0806	$0E00	    			MOVLW	0
$0808	$6E05	    			MOVWF	STACK_4+1, 0
$080A	$6E06	    			MOVWF	STACK_4+2, 0
$080C	$6E07	    			MOVWF	STACK_4+3, 0
$080E	$C061	F000			MOVFF	FARG_LongToStr+0, STACK_0
$0812	$C062	F001			MOVFF	FARG_LongToStr+1, STACK_0+1
$0816	$C063	F002			MOVFF	FARG_LongToStr+2, STACK_0+2
$081A	$C064	F003			MOVFF	FARG_LongToStr+3, STACK_0+3
$081E	$EC93	F004			CALL	_div_32x32_s
$0822	$C000	F061			MOVFF	STACK_0, FARG_LongToStr+0
$0826	$C001	F062			MOVFF	STACK_0+1, FARG_LongToStr+1
$082A	$C002	F063			MOVFF	STACK_0+2, FARG_LongToStr+2
$082E	$C003	F064			MOVFF	STACK_0+3, FARG_LongToStr+3
$0832	$2B6B	    			INCF	LongToStr_len_L0, 1, 1
$0834	$D7E1	    			BRA	L_LongToStr_19
$0836	$	L_LongToStr_20:
$0836	$076B	    			DECF	LongToStr_len_L0, 1, 1
$0838	$0E00	    			MOVLW	0
$083A	$6E00	    			MOVWF	STACK_0, 0
$083C	$196A	    			XORWF	LongToStr_inlong_L0+3, 0, 1
$083E	$E108	    			BNZ	L_LongToStr_54
$0840	$5000	    			MOVF	STACK_0, 0, 0
$0842	$1969	    			XORWF	LongToStr_inlong_L0+2, 0, 1
$0844	$E105	    			BNZ	L_LongToStr_54
$0846	$5000	    			MOVF	STACK_0, 0, 0
$0848	$1968	    			XORWF	LongToStr_inlong_L0+1, 0, 1
$084A	$E102	    			BNZ	L_LongToStr_54
$084C	$5167	    			MOVF	LongToStr_inlong_L0, 0, 1
$084E	$0A00	    			XORLW	0
$0850	$	L_LongToStr_54:
$0850	$E102	    			BNZ	L_LongToStr_21
$0852	$0E01	    			MOVLW	1
$0854	$6F6B	    			MOVWF	LongToStr_len_L0, 1
$0856	$	L_LongToStr_21:
$0856	$0100	    			MOVLB	0
$0858	$C065	FFE9			MOVFF	FARG_LongToStr+4, FSR0L
$085C	$C066	FFEA			MOVFF	FARG_LongToStr+5, FSR0H
$0860	$0E20	    			MOVLW	32
$0862	$6EEE	    			MOVWF	POSTINC0, 0
$0864	$0E20	    			MOVLW	32
$0866	$6EEE	    			MOVWF	POSTINC0, 0
$0868	$0E20	    			MOVLW	32
$086A	$6EEE	    			MOVWF	POSTINC0, 0
$086C	$0E20	    			MOVLW	32
$086E	$6EEE	    			MOVWF	POSTINC0, 0
$0870	$0E20	    			MOVLW	32
$0872	$6EEE	    			MOVWF	POSTINC0, 0
$0874	$0E20	    			MOVLW	32
$0876	$6EEE	    			MOVWF	POSTINC0, 0
$0878	$0E20	    			MOVLW	32
$087A	$6EEE	    			MOVWF	POSTINC0, 0
$087C	$0E20	    			MOVLW	32
$087E	$6EEE	    			MOVWF	POSTINC0, 0
$0880	$0E20	    			MOVLW	32
$0882	$6EEE	    			MOVWF	POSTINC0, 0
$0884	$0E20	    			MOVLW	32
$0886	$6EEE	    			MOVWF	POSTINC0, 0
$0888	$0E20	    			MOVLW	32
$088A	$6EEE	    			MOVWF	POSTINC0, 0
$088C	$6AED	    			CLRF	POSTDEC0, 0
$088E	$	L_LongToStr_22:
$088E	$516B	    			MOVF	LongToStr_len_L0, 0, 1
$0890	$0800	    			SUBLW	0
$0892	$E244	    			BC	L_LongToStr_23
$0894	$0E0A	    			MOVLW	10
$0896	$6E04	    			MOVWF	STACK_4, 0
$0898	$0E00	    			MOVLW	0
$089A	$6E05	    			MOVWF	STACK_4+1, 0
$089C	$6E06	    			MOVWF	STACK_4+2, 0
$089E	$6E07	    			MOVWF	STACK_4+3, 0
$08A0	$C067	F000			MOVFF	LongToStr_inlong_L0, STACK_0
$08A4	$C068	F001			MOVFF	LongToStr_inlong_L0+1, STACK_0+1
$08A8	$C069	F002			MOVFF	LongToStr_inlong_L0+2, STACK_0+2
$08AC	$C06A	F003			MOVFF	LongToStr_inlong_L0+3, STACK_0+3
$08B0	$EC93	F004			CALL	_div_32x32_s
$08B4	$C008	F000			MOVFF	STACK_8, STACK_0
$08B8	$C009	F001			MOVFF	STACK_9, STACK_1
$08BC	$C00A	F002			MOVFF	STACK_10, STACK_2
$08C0	$C00B	F003			MOVFF	STACK_11, STACK_3
$08C4	$C000	FFEF			MOVFF	STACK_0, INDF0
$08C8	$CFEF	F004			MOVFF	INDF0, STACK_4
$08CC	$0E00	    			MOVLW	0
$08CE	$6E05	    			MOVWF	STACK_4+1, 0
$08D0	$6E06	    			MOVWF	STACK_4+2, 0
$08D2	$6E07	    			MOVWF	STACK_4+3, 0
$08D4	$C067	F000			MOVFF	LongToStr_inlong_L0, STACK_0
$08D8	$C068	F001			MOVFF	LongToStr_inlong_L0+1, STACK_0+1
$08DC	$C069	F002			MOVFF	LongToStr_inlong_L0+2, STACK_0+2
$08E0	$C06A	F003			MOVFF	LongToStr_inlong_L0+3, STACK_0+3
$08E4	$5004	    			MOVF	STACK_4, 0, 0
$08E6	$5E00	    			SUBWF	STACK_0, 1, 0
$08E8	$5005	    			MOVF	STACK_4+1, 0, 0
$08EA	$5A01	    			SUBWFB	STACK_0+1, 1, 0
$08EC	$5006	    			MOVF	STACK_4+2, 0, 0
$08EE	$5A02	    			SUBWFB	STACK_0+2, 1, 0
$08F0	$5007	    			MOVF	STACK_4+3, 0, 0
$08F2	$5A03	    			SUBWFB	STACK_0+3, 1, 0
$08F4	$0E0A	    			MOVLW	10
$08F6	$6E04	    			MOVWF	STACK_4, 0
$08F8	$0E00	    			MOVLW	0
$08FA	$6E05	    			MOVWF	STACK_4+1, 0
$08FC	$6E06	    			MOVWF	STACK_4+2, 0
$08FE	$6E07	    			MOVWF	STACK_4+3, 0
$0900	$EC93	F004			CALL	_div_32x32_s
$0904	$C000	F067			MOVFF	STACK_0, LongToStr_inlong_L0
$0908	$C001	F068			MOVFF	STACK_0+1, LongToStr_inlong_L0+1
$090C	$C002	F069			MOVFF	STACK_0+2, LongToStr_inlong_L0+2
$0910	$C003	F06A			MOVFF	STACK_0+3, LongToStr_inlong_L0+3
$0914	$0E30	    			MOVLW	48
$0916	$26ED	    			ADDWF	POSTDEC0, 1, 0
$0918	$076B	    			DECF	LongToStr_len_L0, 1, 1
$091A	$D7B9	    			BRA	L_LongToStr_22
$091C	$	L_LongToStr_23:
$091C	$536C	    			MOVF	LongToStr_negative_L0, 1, 1
$091E	$E002	    			BZ	L_LongToStr_24
$0920	$0E2D	    			MOVLW	45
$0922	$6EEF	    			MOVWF	INDF0, 0
$0924	$	L_LongToStr_24:
$0924	$0012	    			RETURN
$0D0C	$	GlobalInipwm_adc_lcd_4550v1:
$0D0C	$0E50	    			MOVLW	80
$0D0E	$6E18	    			MOVWF	lstr1_pwm_adc_lcd_4550v1+0, 0
$0D10	$0E57	    			MOVLW	87
$0D12	$6E19	    			MOVWF	lstr1_pwm_adc_lcd_4550v1+1, 0
$0D14	$0E4D	    			MOVLW	77
$0D16	$6E1A	    			MOVWF	lstr1_pwm_adc_lcd_4550v1+2, 0
$0D18	$0E20	    			MOVLW	32
$0D1A	$6E1B	    			MOVWF	lstr1_pwm_adc_lcd_4550v1+3, 0
$0D1C	$0E41	    			MOVLW	65
$0D1E	$6E1C	    			MOVWF	lstr1_pwm_adc_lcd_4550v1+4, 0
$0D20	$0E54	    			MOVLW	84
$0D22	$6E1D	    			MOVWF	lstr1_pwm_adc_lcd_4550v1+5, 0
$0D24	$0E20	    			MOVLW	32
$0D26	$6E1E	    			MOVWF	lstr1_pwm_adc_lcd_4550v1+6, 0
$0D28	$0E35	    			MOVLW	53
$0D2A	$6E1F	    			MOVWF	lstr1_pwm_adc_lcd_4550v1+7, 0
$0D2C	$0E6B	    			MOVLW	107
$0D2E	$6E20	    			MOVWF	lstr1_pwm_adc_lcd_4550v1+8, 0
$0D30	$0E48	    			MOVLW	72
$0D32	$6E21	    			MOVWF	lstr1_pwm_adc_lcd_4550v1+9, 0
$0D34	$0E5A	    			MOVLW	90
$0D36	$6E22	    			MOVWF	lstr1_pwm_adc_lcd_4550v1+10, 0
$0D38	$6A23	    			CLRF	lstr1_pwm_adc_lcd_4550v1+11, 0
$0D3A	$0E18	    			MOVLW	lstr1_pwm_adc_lcd_4550v1
$0D3C	$6E24	    			MOVWF	_text+0, 0
$0D3E	$0E00	    			MOVLW	@lstr1_pwm_adc_lcd_4550v1
$0D40	$6E25	    			MOVWF	_text+1, 0
$0D42	$0E44	    			MOVLW	68
$0D44	$6E26	    			MOVWF	lstr2_pwm_adc_lcd_4550v1+0, 0
$0D46	$0E55	    			MOVLW	85
$0D48	$6E27	    			MOVWF	lstr2_pwm_adc_lcd_4550v1+1, 0
$0D4A	$0E54	    			MOVLW	84
$0D4C	$6E28	    			MOVWF	lstr2_pwm_adc_lcd_4550v1+2, 0
$0D4E	$0E59	    			MOVLW	89
$0D50	$6E29	    			MOVWF	lstr2_pwm_adc_lcd_4550v1+3, 0
$0D52	$0E20	    			MOVLW	32
$0D54	$6E2A	    			MOVWF	lstr2_pwm_adc_lcd_4550v1+4, 0
$0D56	$0E3D	    			MOVLW	61
$0D58	$6E2B	    			MOVWF	lstr2_pwm_adc_lcd_4550v1+5, 0
$0D5A	$6A2C	    			CLRF	lstr2_pwm_adc_lcd_4550v1+6, 0
$0D5C	$0E26	    			MOVLW	lstr2_pwm_adc_lcd_4550v1
$0D5E	$6E2D	    			MOVWF	_text1+0, 0
$0D60	$0E00	    			MOVLW	@lstr2_pwm_adc_lcd_4550v1
$0D62	$6E2E	    			MOVWF	_text1+1, 0
$0D64	$0E25	    			MOVLW	37
$0D66	$6E2F	    			MOVWF	lstr3_pwm_adc_lcd_4550v1+0, 0
$0D68	$6A30	    			CLRF	lstr3_pwm_adc_lcd_4550v1+1, 0
$0D6A	$0E2F	    			MOVLW	lstr3_pwm_adc_lcd_4550v1
$0D6C	$6E31	    			MOVWF	_text2+0, 0
$0D6E	$0E00	    			MOVLW	@lstr3_pwm_adc_lcd_4550v1
$0D70	$6E32	    			MOVWF	_text2+1, 0
;pwm_adc_lcd_4550v1.c,9 :: 			char *text2="%";
$0D72	$0012	    			RETURN
$0EDA	$	_PWM1_Init:
$0EDA	$6ABE	    			CLRF	CCPR1L, 0
$0EDC	$98BD	    			BCF	CCP1CON, 4, 0
$0EDE	$9ABD	    			BCF	CCP1CON, 5, 0
$0EE0	$0012	    			RETURN
$0DDC	$	_Mul_32x32_U:
$0DDC	$0100	    			MOVLB	0
$0DDE	$0E22	    			MOVLW	34
$0DE0	$6E0C	    			MOVWF	STACK_12, 0
$0DE2	$6A08	    			CLRF	STACK_8, 0
$0DE4	$6A09	    			CLRF	STACK_9, 0
$0DE6	$6A0A	    			CLRF	STACK_10, 0
$0DE8	$6A0B	    			CLRF	STACK_11, 0
$0DEA	$	_NEXT:
$0DEA	$060C	    			DECF	STACK_12, F, 0
$0DEC	$B4D8	    			BTFSC	STATUS, Z, 0
$0DEE	$EF1B	F007			GOTO	_EXIT2
$0DF2	$90D8	    			BCF	STATUS, C, 0
$0DF4	$	_LOOP:
$0DF4	$320B	    			RRCF	STACK_11, F, 0
$0DF6	$320A	    			RRCF	STACK_10, F, 0
$0DF8	$3209	    			RRCF	STACK_9, F, 0
$0DFA	$3208	    			RRCF	STACK_8, F, 0
$0DFC	$3203	    			RRCF	STACK_3, F, 0
$0DFE	$3202	    			RRCF	STACK_2, F, 0
$0E00	$3201	    			RRCF	STACK_1, F, 0
$0E02	$3200	    			RRCF	STACK_0, F, 0
$0E04	$A0D8	    			BTFSS	STATUS, C, 0
$0E06	$EFF5	F006			GOTO	_NEXT
$0E0A	$060C	    			DECF	STACK_12, F, 0
$0E0C	$B4D8	    			BTFSC	STATUS, Z, 0
$0E0E	$EF13	F007			GOTO	_EXIT1
$0E12	$5004	    			MOVF	STACK_4, W, 0
$0E14	$2608	    			ADDWF	STACK_8, F, 0
$0E16	$5005	    			MOVF	STACK_5, W, 0
$0E18	$2209	    			ADDWFC	STACK_9, F, 0
$0E1A	$5006	    			MOVF	STACK_6, W, 0
$0E1C	$220A	    			ADDWFC	STACK_10, F, 0
$0E1E	$5007	    			MOVF	STACK_7, W, 0
$0E20	$220B	    			ADDWFC	STACK_11, F, 0
$0E22	$EFFA	F006			GOTO	_LOOP
$0E26	$	_EXIT1:
$0E26	$5004	    			MOVF	STACK_4, W, 0
$0E28	$2608	    			ADDWF	STACK_8, F, 0
$0E2A	$5005	    			MOVF	STACK_5, W, 0
$0E2C	$2209	    			ADDWFC	STACK_9, F, 0
$0E2E	$5006	    			MOVF	STACK_6, W, 0
$0E30	$220A	    			ADDWFC	STACK_10, F, 0
$0E32	$5007	    			MOVF	STACK_7, W, 0
$0E34	$220B	    			ADDWFC	STACK_11, F, 0
$0E36	$	_EXIT2:
$0E36	$0012	    			RETURN
$0008	$	_Div_32x32_U:
$0008	$0100	    			MOVLB	0
$000A	$6A0B	    			CLRF	STACK_11, 0
$000C	$6A0A	    			CLRF	STACK_10, 0
$000E	$6A09	    			CLRF	STACK_9, 0
$0010	$6A08	    			CLRF	STACK_8, 0
$0012	$6A0E	    			CLRF	STACK_14, 0
$0014	$3403	    			RLCF	STACK_3, W, 0
$0016	$3608	    			RLCF	STACK_8, F, 0
$0018	$5004	    			MOVF	STACK_4, W, 0
$001A	$5E08	    			SUBWF	STACK_8, F, 0
$001C	$5005	    			MOVF	STACK_5, W, 0
$001E	$A0D8	    			BTFSS	STATUS, C, 0
$0020	$3C05	    			INCFSZ	STACK_5, W, 0
$0022	$5E09	    			SUBWF	STACK_9, F, 0
$0024	$5006	    			MOVF	STACK_6, W, 0
$0026	$A0D8	    			BTFSS	STATUS, C, 0
$0028	$3C06	    			INCFSZ	STACK_6, W, 0
$002A	$5E0A	    			SUBWF	STACK_10, F, 0
$002C	$5007	    			MOVF	STACK_7, W, 0
$002E	$A0D8	    			BTFSS	STATUS, C, 0
$0030	$3C07	    			INCFSZ	STACK_7, W, 0
$0032	$5E0B	    			SUBWF	STACK_11, F, 0
$0034	$6AE8	    			CLRF	WREG, 0
$0036	$A0D8	    			BTFSS	STATUS, C, 0
$0038	$0E01	    			MOVLW	1
$003A	$5E0E	    			SUBWF	STACK_14, F, 0
$003C	$3603	    			RLCF	STACK_3, F, 0
$003E	$0E07	    			MOVLW	7
$0040	$6E0C	    			MOVWF	STACK_12, 0
$0042	$	LOOPU3232A:
$0042	$3403	    			RLCF	STACK_3, W, 0
$0044	$3608	    			RLCF	STACK_8, F, 0
$0046	$3609	    			RLCF	STACK_9, F, 0
$0048	$360A	    			RLCF	STACK_10, F, 0
$004A	$360B	    			RLCF	STACK_11, F, 0
$004C	$360E	    			RLCF	STACK_14, F, 0
$004E	$5004	    			MOVF	STACK_4, W, 0
$0050	$A003	    			BTFSS	STACK_3, 0, 0
$0052	$EF3E	F000			GOTO	UADD22LA
$0056	$5E08	    			SUBWF	STACK_8, F, 0
$0058	$5005	    			MOVF	STACK_5, W, 0
$005A	$A0D8	    			BTFSS	STATUS, C, 0
$005C	$3C05	    			INCFSZ	STACK_5, W, 0
$005E	$5E09	    			SUBWF	STACK_9, F, 0
$0060	$5006	    			MOVF	STACK_6, W, 0
$0062	$A0D8	    			BTFSS	STATUS, C, 0
$0064	$3C06	    			INCFSZ	STACK_6, W, 0
$0066	$5E0A	    			SUBWF	STACK_10, F, 0
$0068	$5007	    			MOVF	STACK_7, W, 0
$006A	$A0D8	    			BTFSS	STATUS, C, 0
$006C	$3C07	    			INCFSZ	STACK_7, W, 0
$006E	$5E0B	    			SUBWF	STACK_11, F, 0
$0070	$6AE8	    			CLRF	WREG, 0
$0072	$A0D8	    			BTFSS	STATUS, C, 0
$0074	$0E01	    			MOVLW	1
$0076	$5E0E	    			SUBWF	STACK_14, F, 0
$0078	$EF4F	F000			GOTO	UOK22LA
$007C	$	UADD22LA:
$007C	$2608	    			ADDWF	STACK_8, F, 0
$007E	$5005	    			MOVF	STACK_5, W, 0
$0080	$B0D8	    			BTFSC	STATUS, C, 0
$0082	$3C05	    			INCFSZ	STACK_5, W, 0
$0084	$2609	    			ADDWF	STACK_9, F, 0
$0086	$5006	    			MOVF	STACK_6, W, 0
$0088	$B0D8	    			BTFSC	STATUS, C, 0
$008A	$3C06	    			INCFSZ	STACK_6, W, 0
$008C	$260A	    			ADDWF	STACK_10, F, 0
$008E	$5007	    			MOVF	STACK_7, W, 0
$0090	$B0D8	    			BTFSC	STATUS, C, 0
$0092	$3C07	    			INCFSZ	STACK_7, W, 0
$0094	$260B	    			ADDWF	STACK_11, F, 0
$0096	$6AE8	    			CLRF	WREG, 0
$0098	$B0D8	    			BTFSC	STATUS, C, 0
$009A	$0E01	    			MOVLW	1
$009C	$260E	    			ADDWF	STACK_14, F, 0
$009E	$	UOK22LA:
$009E	$3603	    			RLCF	STACK_3, F, 0
$00A0	$2E0C	    			DECFSZ	STACK_12, F, 0
$00A2	$EF21	F000			GOTO	LOOPU3232A
$00A6	$3402	    			RLCF	STACK_2, W, 0
$00A8	$3608	    			RLCF	STACK_8, F, 0
$00AA	$3609	    			RLCF	STACK_9, F, 0
$00AC	$360A	    			RLCF	STACK_10, F, 0
$00AE	$360B	    			RLCF	STACK_11, F, 0
$00B0	$360E	    			RLCF	STACK_14, F, 0
$00B2	$5004	    			MOVF	STACK_4, W, 0
$00B4	$A003	    			BTFSS	STACK_3, 0, 0
$00B6	$EF70	F000			GOTO	UADD22L8
$00BA	$5E08	    			SUBWF	STACK_8, F, 0
$00BC	$5005	    			MOVF	STACK_5, W, 0
$00BE	$A0D8	    			BTFSS	STATUS, C, 0
$00C0	$3C05	    			INCFSZ	STACK_5, W, 0
$00C2	$5E09	    			SUBWF	STACK_9, F, 0
$00C4	$5006	    			MOVF	STACK_6, W, 0
$00C6	$A0D8	    			BTFSS	STATUS, C, 0
$00C8	$3C06	    			INCFSZ	STACK_6, W, 0
$00CA	$5E0A	    			SUBWF	STACK_10, F, 0
$00CC	$5007	    			MOVF	STACK_7, W, 0
$00CE	$A0D8	    			BTFSS	STATUS, C, 0
$00D0	$3C07	    			INCFSZ	STACK_7, W, 0
$00D2	$5E0B	    			SUBWF	STACK_11, F, 0
$00D4	$6AE8	    			CLRF	WREG, 0
$00D6	$A0D8	    			BTFSS	STATUS, C, 0
$00D8	$0E01	    			MOVLW	1
$00DA	$5E0E	    			SUBWF	STACK_14, F, 0
$00DC	$EF81	F000			GOTO	UOK22L8
$00E0	$	UADD22L8:
$00E0	$2608	    			ADDWF	STACK_8, F, 0
$00E2	$5005	    			MOVF	STACK_5, W, 0
$00E4	$B0D8	    			BTFSC	STATUS, C, 0
$00E6	$3C05	    			INCFSZ	STACK_5, W, 0
$00E8	$2609	    			ADDWF	STACK_9, F, 0
$00EA	$5006	    			MOVF	STACK_6, W, 0
$00EC	$B0D8	    			BTFSC	STATUS, C, 0
$00EE	$3C06	    			INCFSZ	STACK_6, W, 0
$00F0	$260A	    			ADDWF	STACK_10, F, 0
$00F2	$5007	    			MOVF	STACK_7, W, 0
$00F4	$B0D8	    			BTFSC	STATUS, C, 0
$00F6	$3C07	    			INCFSZ	STACK_7, W, 0
$00F8	$260B	    			ADDWF	STACK_11, F, 0
$00FA	$6AE8	    			CLRF	WREG, 0
$00FC	$B0D8	    			BTFSC	STATUS, C, 0
$00FE	$0E01	    			MOVLW	1
$0100	$260E	    			ADDWF	STACK_14, F, 0
$0102	$	UOK22L8:
$0102	$3602	    			RLCF	STACK_2, F, 0
$0104	$0E07	    			MOVLW	7
$0106	$6E0C	    			MOVWF	STACK_12, 0
$0108	$	LOOPU3232B:
$0108	$3402	    			RLCF	STACK_2, W, 0
$010A	$3608	    			RLCF	STACK_8, F, 0
$010C	$3609	    			RLCF	STACK_9, F, 0
$010E	$360A	    			RLCF	STACK_10, F, 0
$0110	$360B	    			RLCF	STACK_11, F, 0
$0112	$360E	    			RLCF	STACK_14, F, 0
$0114	$5004	    			MOVF	STACK_4, W, 0
$0116	$A002	    			BTFSS	STACK_2, 0, 0
$0118	$EFA1	F000			GOTO	UADD22LB
$011C	$5E08	    			SUBWF	STACK_8, F, 0
$011E	$5005	    			MOVF	STACK_5, W, 0
$0120	$A0D8	    			BTFSS	STATUS, C, 0
$0122	$3C05	    			INCFSZ	STACK_5, W, 0
$0124	$5E09	    			SUBWF	STACK_9, F, 0
$0126	$5006	    			MOVF	STACK_6, W, 0
$0128	$A0D8	    			BTFSS	STATUS, C, 0
$012A	$3C06	    			INCFSZ	STACK_6, W, 0
$012C	$5E0A	    			SUBWF	STACK_10, F, 0
$012E	$5007	    			MOVF	STACK_7, W, 0
$0130	$A0D8	    			BTFSS	STATUS, C, 0
$0132	$3C07	    			INCFSZ	STACK_7, W, 0
$0134	$5E0B	    			SUBWF	STACK_11, F, 0
$0136	$6AE8	    			CLRF	WREG, 0
$0138	$A0D8	    			BTFSS	STATUS, C, 0
$013A	$0E01	    			MOVLW	1
$013C	$5E0E	    			SUBWF	STACK_14, F, 0
$013E	$EFB2	F000			GOTO	UOK22LB
$0142	$	UADD22LB:
$0142	$2608	    			ADDWF	STACK_8, F, 0
$0144	$5005	    			MOVF	STACK_5, W, 0
$0146	$B0D8	    			BTFSC	STATUS, C, 0
$0148	$3C05	    			INCFSZ	STACK_5, W, 0
$014A	$2609	    			ADDWF	STACK_9, F, 0
$014C	$5006	    			MOVF	STACK_6, W, 0
$014E	$B0D8	    			BTFSC	STATUS, C, 0
$0150	$3C06	    			INCFSZ	STACK_6, W, 0
$0152	$260A	    			ADDWF	STACK_10, F, 0
$0154	$5007	    			MOVF	STACK_7, W, 0
$0156	$B0D8	    			BTFSC	STATUS, C, 0
$0158	$3C07	    			INCFSZ	STACK_7, W, 0
$015A	$260B	    			ADDWF	STACK_11, F, 0
$015C	$6AE8	    			CLRF	WREG, 0
$015E	$B0D8	    			BTFSC	STATUS, C, 0
$0160	$0E01	    			MOVLW	1
$0162	$260E	    			ADDWF	STACK_14, F, 0
$0164	$	UOK22LB:
$0164	$3602	    			RLCF	STACK_2, F, 0
$0166	$2E0C	    			DECFSZ	STACK_12, F, 0
$0168	$EF84	F000			GOTO	LOOPU3232B
$016C	$3401	    			RLCF	STACK_1, W, 0
$016E	$3608	    			RLCF	STACK_8, F, 0
$0170	$3609	    			RLCF	STACK_9, F, 0
$0172	$360A	    			RLCF	STACK_10, F, 0
$0174	$360B	    			RLCF	STACK_11, F, 0
$0176	$360E	    			RLCF	STACK_14, F, 0
$0178	$5004	    			MOVF	STACK_4, W, 0
$017A	$A002	    			BTFSS	STACK_2, 0, 0
$017C	$EFD3	F000			GOTO	UADD22L16
$0180	$5E08	    			SUBWF	STACK_8, F, 0
$0182	$5005	    			MOVF	STACK_5, W, 0
$0184	$A0D8	    			BTFSS	STATUS, C, 0
$0186	$3C05	    			INCFSZ	STACK_5, W, 0
$0188	$5E09	    			SUBWF	STACK_9, F, 0
$018A	$5006	    			MOVF	STACK_6, W, 0
$018C	$A0D8	    			BTFSS	STATUS, C, 0
$018E	$3C06	    			INCFSZ	STACK_6, W, 0
$0190	$5E0A	    			SUBWF	STACK_10, F, 0
$0192	$5007	    			MOVF	STACK_7, W, 0
$0194	$A0D8	    			BTFSS	STATUS, C, 0
$0196	$3C07	    			INCFSZ	STACK_7, W, 0
$0198	$5E0B	    			SUBWF	STACK_11, F, 0
$019A	$6AE8	    			CLRF	WREG, 0
$019C	$A0D8	    			BTFSS	STATUS, C, 0
$019E	$0E01	    			MOVLW	1
$01A0	$5E0E	    			SUBWF	STACK_14, F, 0
$01A2	$EFE4	F000			GOTO	UOK22L16
$01A6	$	UADD22L16:
$01A6	$2608	    			ADDWF	STACK_8, F, 0
$01A8	$5005	    			MOVF	STACK_5, W, 0
$01AA	$B0D8	    			BTFSC	STATUS, C, 0
$01AC	$3C05	    			INCFSZ	STACK_5, W, 0
$01AE	$2609	    			ADDWF	STACK_9, F, 0
$01B0	$5006	    			MOVF	STACK_6, W, 0
$01B2	$B0D8	    			BTFSC	STATUS, C, 0
$01B4	$3C06	    			INCFSZ	STACK_6, W, 0
$01B6	$260A	    			ADDWF	STACK_10, F, 0
$01B8	$5007	    			MOVF	STACK_7, W, 0
$01BA	$B0D8	    			BTFSC	STATUS, C, 0
$01BC	$3C07	    			INCFSZ	STACK_7, W, 0
$01BE	$260B	    			ADDWF	STACK_11, F, 0
$01C0	$6AE8	    			CLRF	WREG, 0
$01C2	$B0D8	    			BTFSC	STATUS, C, 0
$01C4	$0E01	    			MOVLW	1
$01C6	$260E	    			ADDWF	STACK_14, F, 0
$01C8	$	UOK22L16:
$01C8	$3601	    			RLCF	STACK_1, F, 0
$01CA	$0E07	    			MOVLW	7
$01CC	$6E0C	    			MOVWF	STACK_12, 0
$01CE	$	LOOPU3232C:
$01CE	$3401	    			RLCF	STACK_1, W, 0
$01D0	$3608	    			RLCF	STACK_8, F, 0
$01D2	$3609	    			RLCF	STACK_9, F, 0
$01D4	$360A	    			RLCF	STACK_10, F, 0
$01D6	$360B	    			RLCF	STACK_11, F, 0
$01D8	$360E	    			RLCF	STACK_14, F, 0
$01DA	$5004	    			MOVF	STACK_4, W, 0
$01DC	$A001	    			BTFSS	STACK_1, 0, 0
$01DE	$EF04	F001			GOTO	UADD22LC
$01E2	$5E08	    			SUBWF	STACK_8, F, 0
$01E4	$5005	    			MOVF	STACK_5, W, 0
$01E6	$A0D8	    			BTFSS	STATUS, C, 0
$01E8	$3C05	    			INCFSZ	STACK_5, W, 0
$01EA	$5E09	    			SUBWF	STACK_9, F, 0
$01EC	$5006	    			MOVF	STACK_6, W, 0
$01EE	$A0D8	    			BTFSS	STATUS, C, 0
$01F0	$3C06	    			INCFSZ	STACK_6, W, 0
$01F2	$5E0A	    			SUBWF	STACK_10, F, 0
$01F4	$5007	    			MOVF	STACK_7, W, 0
$01F6	$A0D8	    			BTFSS	STATUS, C, 0
$01F8	$3C07	    			INCFSZ	STACK_7, W, 0
$01FA	$5E0B	    			SUBWF	STACK_11, F, 0
$01FC	$6AE8	    			CLRF	WREG, 0
$01FE	$A0D8	    			BTFSS	STATUS, C, 0
$0200	$0E01	    			MOVLW	1
$0202	$5E0E	    			SUBWF	STACK_14, F, 0
$0204	$EF15	F001			GOTO	UOK22LC
$0208	$	UADD22LC:
$0208	$2608	    			ADDWF	STACK_8, F, 0
$020A	$5005	    			MOVF	STACK_5, W, 0
$020C	$B0D8	    			BTFSC	STATUS, C, 0
$020E	$3C05	    			INCFSZ	STACK_5, W, 0
$0210	$2609	    			ADDWF	STACK_9, F, 0
$0212	$5006	    			MOVF	STACK_6, W, 0
$0214	$B0D8	    			BTFSC	STATUS, C, 0
$0216	$3C06	    			INCFSZ	STACK_6, W, 0
$0218	$260A	    			ADDWF	STACK_10, F, 0
$021A	$5007	    			MOVF	STACK_7, W, 0
$021C	$B0D8	    			BTFSC	STATUS, C, 0
$021E	$3C07	    			INCFSZ	STACK_7, W, 0
$0220	$260B	    			ADDWF	STACK_11, F, 0
$0222	$6AE8	    			CLRF	WREG, 0
$0224	$B0D8	    			BTFSC	STATUS, C, 0
$0226	$0E01	    			MOVLW	1
$0228	$260E	    			ADDWF	STACK_14, F, 0
$022A	$	UOK22LC:
$022A	$3601	    			RLCF	STACK_1, F, 0
$022C	$2E0C	    			DECFSZ	STACK_12, F, 0
$022E	$EFE7	F000			GOTO	LOOPU3232C
$0232	$3400	    			RLCF	STACK_0, W, 0
$0234	$3608	    			RLCF	STACK_8, F, 0
$0236	$3609	    			RLCF	STACK_9, F, 0
$0238	$360A	    			RLCF	STACK_10, F, 0
$023A	$360B	    			RLCF	STACK_11, F, 0
$023C	$360E	    			RLCF	STACK_14, F, 0
$023E	$5004	    			MOVF	STACK_4, W, 0
$0240	$A001	    			BTFSS	STACK_1, 0, 0
$0242	$EF36	F001			GOTO	UADD22L24
$0246	$5E08	    			SUBWF	STACK_8, F, 0
$0248	$5005	    			MOVF	STACK_5, W, 0
$024A	$A0D8	    			BTFSS	STATUS, C, 0
$024C	$3C05	    			INCFSZ	STACK_5, W, 0
$024E	$5E09	    			SUBWF	STACK_9, F, 0
$0250	$5006	    			MOVF	STACK_6, W, 0
$0252	$A0D8	    			BTFSS	STATUS, C, 0
$0254	$3C06	    			INCFSZ	STACK_6, W, 0
$0256	$5E0A	    			SUBWF	STACK_10, F, 0
$0258	$5007	    			MOVF	STACK_7, W, 0
$025A	$A0D8	    			BTFSS	STATUS, C, 0
$025C	$3C07	    			INCFSZ	STACK_7, W, 0
$025E	$5E0B	    			SUBWF	STACK_11, F, 0
$0260	$6AE8	    			CLRF	WREG, 0
$0262	$A0D8	    			BTFSS	STATUS, C, 0
$0264	$0E01	    			MOVLW	1
$0266	$5E0E	    			SUBWF	STACK_14, F, 0
$0268	$EF47	F001			GOTO	UOK22L24
$026C	$	UADD22L24:
$026C	$2608	    			ADDWF	STACK_8, F, 0
$026E	$5005	    			MOVF	STACK_5, W, 0
$0270	$B0D8	    			BTFSC	STATUS, C, 0
$0272	$3C05	    			INCFSZ	STACK_5, W, 0
$0274	$2609	    			ADDWF	STACK_9, F, 0
$0276	$5006	    			MOVF	STACK_6, W, 0
$0278	$B0D8	    			BTFSC	STATUS, C, 0
$027A	$3C06	    			INCFSZ	STACK_6, W, 0
$027C	$260A	    			ADDWF	STACK_10, F, 0
$027E	$5007	    			MOVF	STACK_7, W, 0
$0280	$B0D8	    			BTFSC	STATUS, C, 0
$0282	$3C07	    			INCFSZ	STACK_7, W, 0
$0284	$260B	    			ADDWF	STACK_11, F, 0
$0286	$6AE8	    			CLRF	WREG, 0
$0288	$B0D8	    			BTFSC	STATUS, C, 0
$028A	$0E01	    			MOVLW	1
$028C	$260E	    			ADDWF	STACK_14, F, 0
$028E	$	UOK22L24:
$028E	$3600	    			RLCF	STACK_0, F, 0
$0290	$0E07	    			MOVLW	7
$0292	$6E0C	    			MOVWF	STACK_12, 0
$0294	$	LOOPU3232D:
$0294	$3400	    			RLCF	STACK_0, W, 0
$0296	$3608	    			RLCF	STACK_8, F, 0
$0298	$3609	    			RLCF	STACK_9, F, 0
$029A	$360A	    			RLCF	STACK_10, F, 0
$029C	$360B	    			RLCF	STACK_11, F, 0
$029E	$360E	    			RLCF	STACK_14, F, 0
$02A0	$5004	    			MOVF	STACK_4, W, 0
$02A2	$A000	    			BTFSS	STACK_0, 0, 0
$02A4	$EF67	F001			GOTO	UADD22LD
$02A8	$5E08	    			SUBWF	STACK_8, F, 0
$02AA	$5005	    			MOVF	STACK_5, W, 0
$02AC	$A0D8	    			BTFSS	STATUS, C, 0
$02AE	$3C05	    			INCFSZ	STACK_5, W, 0
$02B0	$5E09	    			SUBWF	STACK_9, F, 0
$02B2	$5006	    			MOVF	STACK_6, W, 0
$02B4	$A0D8	    			BTFSS	STATUS, C, 0
$02B6	$3C06	    			INCFSZ	STACK_6, W, 0
$02B8	$5E0A	    			SUBWF	STACK_10, F, 0
$02BA	$5007	    			MOVF	STACK_7, W, 0
$02BC	$A0D8	    			BTFSS	STATUS, C, 0
$02BE	$3C07	    			INCFSZ	STACK_7, W, 0
$02C0	$5E0B	    			SUBWF	STACK_11, F, 0
$02C2	$6AE8	    			CLRF	WREG, 0
$02C4	$A0D8	    			BTFSS	STATUS, C, 0
$02C6	$0E01	    			MOVLW	1
$02C8	$5E0E	    			SUBWF	STACK_14, F, 0
$02CA	$EF78	F001			GOTO	UOK22LD
$02CE	$	UADD22LD:
$02CE	$2608	    			ADDWF	STACK_8, F, 0
$02D0	$5005	    			MOVF	STACK_5, W, 0
$02D2	$B0D8	    			BTFSC	STATUS, C, 0
$02D4	$3C05	    			INCFSZ	STACK_5, W, 0
$02D6	$2609	    			ADDWF	STACK_9, F, 0
$02D8	$5006	    			MOVF	STACK_6, W, 0
$02DA	$B0D8	    			BTFSC	STATUS, C, 0
$02DC	$3C06	    			INCFSZ	STACK_6, W, 0
$02DE	$260A	    			ADDWF	STACK_10, F, 0
$02E0	$5007	    			MOVF	STACK_7, W, 0
$02E2	$B0D8	    			BTFSC	STATUS, C, 0
$02E4	$3C07	    			INCFSZ	STACK_7, W, 0
$02E6	$260B	    			ADDWF	STACK_11, F, 0
$02E8	$6AE8	    			CLRF	WREG, 0
$02EA	$B0D8	    			BTFSC	STATUS, C, 0
$02EC	$0E01	    			MOVLW	1
$02EE	$260E	    			ADDWF	STACK_14, F, 0
$02F0	$	UOK22LD:
$02F0	$3600	    			RLCF	STACK_0, F, 0
$02F2	$2E0C	    			DECFSZ	STACK_12, F, 0
$02F4	$EF4A	F001			GOTO	LOOPU3232D
$02F8	$B000	    			BTFSC	STACK_0, 0, 0
$02FA	$EF8D	F001			GOTO	UOK22L
$02FE	$5004	    			MOVF	STACK_4, W, 0
$0300	$2608	    			ADDWF	STACK_8, F, 0
$0302	$5005	    			MOVF	STACK_5, W, 0
$0304	$B0D8	    			BTFSC	STATUS, C, 0
$0306	$3C05	    			INCFSZ	STACK_5, W, 0
$0308	$2609	    			ADDWF	STACK_9, F, 0
$030A	$5006	    			MOVF	STACK_6, W, 0
$030C	$B0D8	    			BTFSC	STATUS, C, 0
$030E	$3C06	    			INCFSZ	STACK_6, W, 0
$0310	$260A	    			ADDWF	STACK_10, F, 0
$0312	$5007	    			MOVF	STACK_7, W, 0
$0314	$B0D8	    			BTFSC	STATUS, C, 0
$0316	$3C07	    			INCFSZ	STACK_7, W, 0
$0318	$260B	    			ADDWF	STACK_11, F, 0
$031A	$	UOK22L:
$031A	$0012	    			RETURN
$059C	$	_main:
;pwm_adc_lcd_4550v1.c,29 :: 			void main()
;pwm_adc_lcd_4550v1.c,32 :: 			k=234;
$059C	$EC86	F006			CALL	GlobalInipwm_adc_lcd_4550v1
$05A0	$0EEA	    			MOVLW	234
$05A2	$6E33	    			MOVWF	_k, 0
$05A4	$0E00	    			MOVLW	0
$05A6	$6E34	    			MOVWF	_k+1, 0
$05A8	$6E35	    			MOVWF	_k+2, 0
$05AA	$6E36	    			MOVWF	_k+3, 0
;pwm_adc_lcd_4550v1.c,33 :: 			TRISB=0;
$05AC	$6A93	    			CLRF	TRISB, 0
;pwm_adc_lcd_4550v1.c,34 :: 			ADCON1=0x0E;
$05AE	$0E0E	    			MOVLW	14
$05B0	$6EC1	    			MOVWF	ADCON1, 0
;pwm_adc_lcd_4550v1.c,35 :: 			PORTB=0;
$05B2	$6A81	    			CLRF	PORTB, 0
;pwm_adc_lcd_4550v1.c,36 :: 			TRISA.f0=1;
$05B4	$8092	    			BSF	TRISA, 0, 0
;pwm_adc_lcd_4550v1.c,37 :: 			TrISC.f2=0;
$05B6	$9494	    			BCF	TRISC, 2, 0
;pwm_adc_lcd_4550v1.c,39 :: 			PWM1_Init(5000);
$05B8	$90CA	    			BCF	T2CON, T2CKPS0, 0
$05BA	$92CA	    			BCF	T2CON, T2CKPS1, 0
$05BC	$80CA	    			BSF	T2CON, T2CKPS0, 0
$05BE	$0E63	    			MOVLW	99
$05C0	$6ECB	    			MOVWF	PR2, 0
$05C2	$EC6D	F007			CALL	_PWM1_Init
;pwm_adc_lcd_4550v1.c,40 :: 			PWM1_Start();
$05C6	$EC68	F007			CALL	_PWM1_Start
;pwm_adc_lcd_4550v1.c,42 :: 			Lcd_Init(&PORTB);
$05CA	$0E81	    			MOVLW	PORTB
$05CC	$0100	    			MOVLB	0
$05CE	$6F61	    			MOVWF	FARG_Lcd_Init+0, 1
$05D0	$0E0F	    			MOVLW	@PORTB
$05D2	$6F62	    			MOVWF	FARG_Lcd_Init+1, 1
$05D4	$EC3F	F005			CALL	_Lcd_Init
;pwm_adc_lcd_4550v1.c,43 :: 			Lcd_Cmd(Lcd_CLEAR);
$05D8	$0E01	    			MOVLW	1
$05DA	$0100	    			MOVLB	0
$05DC	$6F60	    			MOVWF	FARG_Lcd_Cmd+0, 1
$05DE	$ECB9	F005			CALL	_Lcd_Cmd
;pwm_adc_lcd_4550v1.c,45 :: 			Lcd_Out(1, 3,text);
$05E2	$0E01	    			MOVLW	1
$05E4	$0100	    			MOVLB	0
$05E6	$6F61	    			MOVWF	FARG_Lcd_Out+0, 1
$05E8	$0E03	    			MOVLW	3
$05EA	$6F62	    			MOVWF	FARG_Lcd_Out+1, 1
$05EC	$C024	F063			MOVFF	_text, FARG_Lcd_Out+2
$05F0	$C025	F064			MOVFF	_text+1, FARG_Lcd_Out+3
$05F4	$EC06	F006			CALL	_Lcd_Out
;pwm_adc_lcd_4550v1.c,46 :: 			Lcd_Out(2,1,text1);
$05F8	$0E02	    			MOVLW	2
$05FA	$6F61	    			MOVWF	FARG_Lcd_Out+0, 1
$05FC	$0E01	    			MOVLW	1
$05FE	$6F62	    			MOVWF	FARG_Lcd_Out+1, 1
$0600	$C02D	F063			MOVFF	_text1, FARG_Lcd_Out+2
$0604	$C02E	F064			MOVFF	_text1+1, FARG_Lcd_Out+3
$0608	$EC06	F006			CALL	_Lcd_Out
;pwm_adc_lcd_4550v1.c,47 :: 			Lcd_Out(2,12,text2);
$060C	$0E02	    			MOVLW	2
$060E	$6F61	    			MOVWF	FARG_Lcd_Out+0, 1
$0610	$0E0C	    			MOVLW	12
$0612	$6F62	    			MOVWF	FARG_Lcd_Out+1, 1
$0614	$C031	F063			MOVFF	_text2, FARG_Lcd_Out+2
$0618	$C032	F064			MOVFF	_text2+1, FARG_Lcd_Out+3
$061C	$EC06	F006			CALL	_Lcd_Out
;pwm_adc_lcd_4550v1.c,49 :: 			PWM1_Init(5000);
$0620	$90CA	    			BCF	T2CON, T2CKPS0, 0
$0622	$92CA	    			BCF	T2CON, T2CKPS1, 0
$0624	$80CA	    			BSF	T2CON, T2CKPS0, 0
$0626	$0E63	    			MOVLW	99
$0628	$6ECB	    			MOVWF	PR2, 0
$062A	$EC6D	F007			CALL	_PWM1_Init
;pwm_adc_lcd_4550v1.c,50 :: 			PWM1_Start();
$062E	$EC68	F007			CALL	_PWM1_Start
;pwm_adc_lcd_4550v1.c,52 :: 			for(;;)
$0632	$	L_main_0:
;pwm_adc_lcd_4550v1.c,54 :: 			Adc_Res=Adc_Read(0);
$0632	$6A5F	    			CLRF	FARG_Adc_Read+0, 0
$0634	$EC1C	F007			CALL	_Adc_Read
$0638	$C000	F037			MOVFF	STACK_0, _Adc_Res
$063C	$C001	F038			MOVFF	STACK_0+1, _Adc_Res+1
$0640	$0E00	    			MOVLW	0
$0642	$6E39	    			MOVWF	_Adc_Res+2, 0
$0644	$6E3A	    			MOVWF	_Adc_Res+3, 0
;pwm_adc_lcd_4550v1.c,56 :: 			Adc_Res=(Adc_Res*25)/100;
$0646	$C037	F000			MOVFF	_Adc_Res, STACK_0
$064A	$C038	F001			MOVFF	_Adc_Res+1, STACK_0+1
$064E	$C039	F002			MOVFF	_Adc_Res+2, STACK_0+2
$0652	$C03A	F003			MOVFF	_Adc_Res+3, STACK_0+3
$0656	$0E19	    			MOVLW	25
$0658	$6E04	    			MOVWF	STACK_4, 0
$065A	$0E00	    			MOVLW	0
$065C	$6E05	    			MOVWF	STACK_4+1, 0
$065E	$6E06	    			MOVWF	STACK_4+2, 0
$0660	$6E07	    			MOVWF	STACK_4+3, 0
$0662	$ECEE	F006			CALL	_mul_32x32_u
$0666	$0E64	    			MOVLW	100
$0668	$6E04	    			MOVWF	STACK_4, 0
$066A	$0E00	    			MOVLW	0
$066C	$6E05	    			MOVWF	STACK_4+1, 0
$066E	$6E06	    			MOVWF	STACK_4+2, 0
$0670	$6E07	    			MOVWF	STACK_4+3, 0
$0672	$EC04	F000			CALL	_div_32x32_u
$0676	$C000	F037			MOVFF	STACK_0, _Adc_Res
$067A	$C001	F038			MOVFF	STACK_0+1, _Adc_Res+1
$067E	$C002	F039			MOVFF	STACK_0+2, _Adc_Res+2
$0682	$C003	F03A			MOVFF	STACK_0+3, _Adc_Res+3
;pwm_adc_lcd_4550v1.c,57 :: 			pwm=Adc_Res;
$0686	$C000	F03B			MOVFF	STACK_0, _pwm
$068A	$C001	F03C			MOVFF	STACK_0+1, _pwm+1
$068E	$C002	F03D			MOVFF	STACK_0+2, _pwm+2
$0692	$C003	F03E			MOVFF	STACK_0+3, _pwm+3
;pwm_adc_lcd_4550v1.c,60 :: 			Pwm1_Change_Duty(pwm);
$0696	$C000	F05F			MOVFF	STACK_0, FARG_PWM1_Change_Duty+0
$069A	$EC4E	F006			CALL	_PWM1_Change_Duty
;pwm_adc_lcd_4550v1.c,62 :: 			LongToStr(Adc_Res,op); // Convert to string in "op"
$069E	$C037	F061			MOVFF	_Adc_Res, FARG_LongToStr+0
$06A2	$C038	F062			MOVFF	_Adc_Res+1, FARG_LongToStr+1
$06A6	$C039	F063			MOVFF	_Adc_Res+2, FARG_LongToStr+2
$06AA	$C03A	F064			MOVFF	_Adc_Res+3, FARG_LongToStr+3
$06AE	$0E3F	    			MOVLW	_op
$06B0	$0100	    			MOVLB	0
$06B2	$6F65	    			MOVWF	FARG_LongToStr+4, 1
$06B4	$0E00	    			MOVLW	@_op
$06B6	$6F66	    			MOVWF	FARG_LongToStr+5, 1
$06B8	$ECD2	F003			CALL	_LongToStr
;pwm_adc_lcd_4550v1.c,64 :: 			j=0;
$06BC	$6A4B	    			CLRF	_j, 0
$06BE	$6A4C	    			CLRF	_j+1, 0
$06C0	$6A4D	    			CLRF	_j+2, 0
$06C2	$6A4E	    			CLRF	_j+3, 0
;pwm_adc_lcd_4550v1.c,66 :: 			for(i=0;i<=11;i++)
$06C4	$6A4F	    			CLRF	_i, 0
$06C6	$6A50	    			CLRF	_i+1, 0
$06C8	$6A51	    			CLRF	_i+2, 0
$06CA	$6A52	    			CLRF	_i+3, 0
$06CC	$	L_main_3:
$06CC	$5052	    			MOVF	_i+3, 0, 0
$06CE	$0800	    			SUBLW	0
$06D0	$E108	    			BNZ	L_main_11
$06D2	$5051	    			MOVF	_i+2, 0, 0
$06D4	$0800	    			SUBLW	0
$06D6	$E105	    			BNZ	L_main_11
$06D8	$5050	    			MOVF	_i+1, 0, 0
$06DA	$0800	    			SUBLW	0
$06DC	$E102	    			BNZ	L_main_11
$06DE	$504F	    			MOVF	_i, 0, 0
$06E0	$080B	    			SUBLW	11
$06E2	$	L_main_11:
$06E2	$E35D	    			BNC	L_main_4
;pwm_adc_lcd_4550v1.c,70 :: 			if(op[i] != ' ') // If a blank
$06E4	$0E3F	    			MOVLW	_op
$06E6	$244F	    			ADDWF	_i, 0, 0
$06E8	$6EE9	    			MOVWF	FSR0L, 0
$06EA	$0E00	    			MOVLW	@_op
$06EC	$2050	    			ADDWFC	_i+1, 0, 0
$06EE	$6EEA	    			MOVWF	FSR0L+1, 0
$06F0	$CFEE	F004			MOVFF	POSTINC0, STACK_4
$06F4	$5004	    			MOVF	STACK_4, 0, 0
$06F6	$0A20	    			XORLW	32
$06F8	$E016	    			BZ	L_main_6
;pwm_adc_lcd_4550v1.c,72 :: 			lcd[j]=op[i];
$06FA	$0E53	    			MOVLW	_lcd
$06FC	$244B	    			ADDWF	_j, 0, 0
$06FE	$6EE1	    			MOVWF	FSR1L, 0
$0700	$0E00	    			MOVLW	@_lcd
$0702	$204C	    			ADDWFC	_j+1, 0, 0
$0704	$6EE2	    			MOVWF	FSR1L+1, 0
$0706	$0E3F	    			MOVLW	_op
$0708	$244F	    			ADDWF	_i, 0, 0
$070A	$6EE9	    			MOVWF	FSR0L, 0
$070C	$0E00	    			MOVLW	@_op
$070E	$2050	    			ADDWFC	_i+1, 0, 0
$0710	$6EEA	    			MOVWF	FSR0L+1, 0
$0712	$CFEE	F000			MOVFF	POSTINC0, STACK_0
$0716	$C000	FFE6			MOVFF	STACK_0, POSTINC1
;pwm_adc_lcd_4550v1.c,73 :: 			j++;
$071A	$0E01	    			MOVLW	1
$071C	$264B	    			ADDWF	_j, 1, 0
$071E	$0E00	    			MOVLW	0
$0720	$224C	    			ADDWFC	_j+1, 1, 0
$0722	$224D	    			ADDWFC	_j+2, 1, 0
$0724	$224E	    			ADDWFC	_j+3, 1, 0
;pwm_adc_lcd_4550v1.c,74 :: 			}
$0726	$	L_main_6:
;pwm_adc_lcd_4550v1.c,75 :: 			if(pwm<10)
$0726	$0E00	    			MOVLW	0
$0728	$5C3E	    			SUBWF	_pwm+3, 0, 0
$072A	$E108	    			BNZ	L_main_12
$072C	$0E00	    			MOVLW	0
$072E	$5C3D	    			SUBWF	_pwm+2, 0, 0
$0730	$E105	    			BNZ	L_main_12
$0732	$0E00	    			MOVLW	0
$0734	$5C3C	    			SUBWF	_pwm+1, 0, 0
$0736	$E102	    			BNZ	L_main_12
$0738	$0E0A	    			MOVLW	10
$073A	$5C3B	    			SUBWF	_pwm, 0, 0
$073C	$	L_main_12:
$073C	$E204	    			BC	L_main_7
;pwm_adc_lcd_4550v1.c,77 :: 			lcd[1]=' ';
$073E	$0E20	    			MOVLW	32
$0740	$6E54	    			MOVWF	_lcd+1, 0
;pwm_adc_lcd_4550v1.c,78 :: 			lcd[2]=' ';
$0742	$0E20	    			MOVLW	32
$0744	$6E55	    			MOVWF	_lcd+2, 0
;pwm_adc_lcd_4550v1.c,79 :: 			}
$0746	$	L_main_7:
;pwm_adc_lcd_4550v1.c,80 :: 			if(pwm>10&&pwm<100)
$0746	$503E	    			MOVF	_pwm+3, 0, 0
$0748	$0800	    			SUBLW	0
$074A	$E108	    			BNZ	L_main_13
$074C	$503D	    			MOVF	_pwm+2, 0, 0
$074E	$0800	    			SUBLW	0
$0750	$E105	    			BNZ	L_main_13
$0752	$503C	    			MOVF	_pwm+1, 0, 0
$0754	$0800	    			SUBLW	0
$0756	$E102	    			BNZ	L_main_13
$0758	$503B	    			MOVF	_pwm, 0, 0
$075A	$080A	    			SUBLW	10
$075C	$	L_main_13:
$075C	$E20E	    			BC	L_main_10
$075E	$0E00	    			MOVLW	0
$0760	$5C3E	    			SUBWF	_pwm+3, 0, 0
$0762	$E108	    			BNZ	L_main_14
$0764	$0E00	    			MOVLW	0
$0766	$5C3D	    			SUBWF	_pwm+2, 0, 0
$0768	$E105	    			BNZ	L_main_14
$076A	$0E00	    			MOVLW	0
$076C	$5C3C	    			SUBWF	_pwm+1, 0, 0
$076E	$E102	    			BNZ	L_main_14
$0770	$0E64	    			MOVLW	100
$0772	$5C3B	    			SUBWF	_pwm, 0, 0
$0774	$	L_main_14:
$0774	$E202	    			BC	L_main_10
$0776	$	L80_ex_L_main_10:
;pwm_adc_lcd_4550v1.c,82 :: 			lcd[2]=' ';
$0776	$0E20	    			MOVLW	32
$0778	$6E55	    			MOVWF	_lcd+2, 0
;pwm_adc_lcd_4550v1.c,83 :: 			}
$077A	$	L_main_10:
;pwm_adc_lcd_4550v1.c,86 :: 			Lcd_Out(2,8,lcd);
$077A	$0E02	    			MOVLW	2
$077C	$0100	    			MOVLB	0
$077E	$6F61	    			MOVWF	FARG_Lcd_Out+0, 1
$0780	$0E08	    			MOVLW	8
$0782	$6F62	    			MOVWF	FARG_Lcd_Out+1, 1
$0784	$0E53	    			MOVLW	_lcd
$0786	$6F63	    			MOVWF	FARG_Lcd_Out+2, 1
$0788	$0E00	    			MOVLW	@_lcd
$078A	$6F64	    			MOVWF	FARG_Lcd_Out+3, 1
$078C	$EC06	F006			CALL	_Lcd_Out
;pwm_adc_lcd_4550v1.c,89 :: 			}
$0790	$	L_main_5:
;pwm_adc_lcd_4550v1.c,66 :: 			for(i=0;i<=11;i++)
$0790	$0E01	    			MOVLW	1
$0792	$264F	    			ADDWF	_i, 1, 0
$0794	$0E00	    			MOVLW	0
$0796	$2250	    			ADDWFC	_i+1, 1, 0
$0798	$2251	    			ADDWFC	_i+2, 1, 0
$079A	$2252	    			ADDWFC	_i+3, 1, 0
;pwm_adc_lcd_4550v1.c,89 :: 			}
$079C	$D797	    			BRA	L_main_3
$079E	$	L_main_4:
;pwm_adc_lcd_4550v1.c,91 :: 			}
$079E	$	L_main_2:
$079E	$0100	    			MOVLB	0
$07A0	$D748	    			BRA	L_main_0
;pwm_adc_lcd_4550v1.c,93 :: 			}
$07A2	$D7FF	    			BRA	$


//** Procedures locations **
//ADDRESS		PROCEDURE
//----------------------------------------------
$0008		Div_32x32_U
$031C		SDIV3232L
$059C		main
$07A4		LongToStr
$0926		Div_32x32_S
$0A7E		Lcd_Init
$0B72		Lcd_Cmd
$0C0C		Lcd_Out
$0C9C		PWM1_Change_Duty
$0D0C		GlobalInipwm_adc_lcd_4550v1
$0D74		Mul_16x16_S
$0DDC		Mul_32x32_U
$0E38		Adc_Read
$0E82		Delay_5500us
$0EA0		COMFREM
$0EBA		Delay_22us
$0EC6		Delay_50us
$0ED0		PWM1_Start
$0EDA		PWM1_Init
$0EE2		Delay_1us


//** Labels locations **
//ADDRESS		LABEL
//----------------------------------------------
$0008		_Div_32x32_U:
$0042		LOOPU3232A:
$007C		UADD22LA:
$009E		UOK22LA:
$00E0		UADD22L8:
$0102		UOK22L8:
$0108		LOOPU3232B:
$0142		UADD22LB:
$0164		UOK22LB:
$01A6		UADD22L16:
$01C8		UOK22L16:
$01CE		LOOPU3232C:
$0208		UADD22LC:
$022A		UOK22LC:
$026C		UADD22L24:
$028E		UOK22L24:
$0294		LOOPU3232D:
$02CE		UADD22LD:
$02F0		UOK22LD:
$031A		UOK22L:
$031C		_SDIV3232L:
$0340		LOOPS3232A:
$0370		SADD22LA:
$038A		SOK22LA:
$03C2		SADD22L8:
$03DC		SOK22L8:
$03E2		LOOPS3232B:
$0412		SADD22LB:
$042C		SOK22LB:
$0464		SADD22L16:
$047E		SOK22L16:
$0484		LOOPS3232C:
$04B4		SADD22LC:
$04CE		SOK22LC:
$0506		SADD22L24:
$0520		SOK22L24:
$0526		LOOPS3232D:
$0556		SADD22LD:
$0570		SOK22LD:
$059A		SOK22L:
$059C		_main:
$0632		L_main_0:
$06CC		L_main_3:
$06E2		L_main_11:
$0726		L_main_6:
$073C		L_main_12:
$0746		L_main_7:
$075C		L_main_13:
$0774		L_main_14:
$0776		L80_ex_L_main_10:
$077A		L_main_10:
$0790		L_main_5:
$079E		L_main_2:
$079E		L_main_4:
$07A4		_LongToStr:
$07D4		L_LongToStr_53:
$07F2		L_LongToStr_18:
$07F8		L_LongToStr_19:
$0836		L_LongToStr_20:
$0850		L_LongToStr_54:
$0856		L_LongToStr_21:
$088E		L_LongToStr_22:
$091C		L_LongToStr_23:
$0924		L_LongToStr_24:
$0926		_Div_32x32_S:
$0928		FXD3232S:
$096C		CA3232S:
$0988		C3232SX:
$0994		C3232S:
$0998		C3232S2:
$099E		C3232SOK:
$09D4		C3232SX1:
$09FC		C3232SX2:
$0A08		C3232SX3:
$0A16		C3232SX4:
$0A6E		END_ALL:
$0A7A		avoid_comfrem:
$0A7E		_Lcd_Init:
$0B72		_Lcd_Cmd:
$0B90		L_Lcd_Cmd_0:
$0BB6		L_Lcd_Cmd_1:
$0BBA		L_Lcd_Cmd_2:
$0BC6		L_Lcd_Cmd_3:
$0BEC		L_Lcd_Cmd_4:
$0BF0		L_Lcd_Cmd_5:
$0C06		L_Lcd_Cmd_6:
$0C0A		L_Lcd_Cmd_7:
$0C0C		_Lcd_Out:
$0C0E		L_Lcd_Out_19:
$0C16		L_Lcd_Out_20:
$0C1C		L_Lcd_Out_21:
$0C22		L_Lcd_Out_22:
$0C28		L_Lcd_Out_23:
$0C2E		L_Lcd_Out_17:
$0C4A		L_Lcd_Out_18:
$0C66		L_Lcd_Out_24:
$0C96		L_Lcd_Out_25:
$0C9C		_PWM1_Change_Duty:
$0CC2		L_PWM1_Change_Duty_2:
$0CD0		L_PWM1_Change_Duty_3:
$0D0C		GlobalInipwm_adc_lcd_4550v1:
$0D74		_Mul_16x16_S:
$0DDC		_Mul_32x32_U:
$0DEA		_NEXT:
$0DF4		_LOOP:
$0E26		_EXIT1:
$0E36		_EXIT2:
$0E38		_Adc_Read:
$0E58		L_Adc_Read_0:
$0E5C		L_Adc_Read_1:
$0E6A		L_Adc_Read_2:
$0E76		L_Adc_Read_3:
$0E82		_Delay_5500us:
$0EA0		_COMFREM:
$0EBA		_Delay_22us:
$0EC6		_Delay_50us:
$0ED0		_PWM1_Start:
$0EDA		_PWM1_Init:
$0EE2		_Delay_1us:


//** Variables locations **
//ADDRESS		VARIABLE
//----------------------------------------------
$0000		STACK_0
$0001		STACK_1
$0002		STACK_2
$0003		STACK_3
$0004		STACK_4
$0005		STACK_5
$0006		STACK_6
$0007		STACK_7
$0008		STACK_8
$0009		STACK_9
$000A		STACK_10
$000B		STACK_11
$000C		STACK_12
$000D		STACK_13
$000E		STACK_14
$000F		STACK_15
$0010		STACK_16
$0011		STACK_17
$0012		STACK_18
$0013		STACK_19
$0014		STACK_20
$0015		Lcd_main_global_portaddress
$0017		Lcd_cmd_status
$0018		lstr1_pwm_adc_lcd_4550v1
$0024		_text
$0026		lstr2_pwm_adc_lcd_4550v1
$002D		_text1
$002F		lstr3_pwm_adc_lcd_4550v1
$0031		_text2
$0033		_k
$0037		_Adc_Res
$003B		_pwm
$003F		_op
$004B		_j
$004F		_i
$0053		_lcd
$005F		FARG_Adc_Read+0
$005F		FARG_PWM1_Change_Duty+0
$0060		FARG_Lcd_Cmd+0
$0061		FARG_Lcd_Init+0
$0061		FARG_Lcd_Out+0
$0061		FARG_LongToStr+0
$0061		FARG_PWM1_Init+0
$0062		FARG_Lcd_Out+1
$0063		FARG_Lcd_Out+2
$0065		FARG_LongToStr+4
$0065		Lcd_Out_i_L0
$0067		LongToStr_inlong_L0
$006B		LongToStr_len_L0
$006C		LongToStr_negative_L0
$0F81		PORTB
$0F92		TRISA
$0F93		TRISB
$0F94		TRISC
$0FBD		CCP1CON
$0FBE		CCPR1L
$0FC0		ADCON2
$0FC1		ADCON1
$0FC2		ADCON0
$0FC3		ADRESL
$0FC4		ADRESH
$0FCA		T2CON
$0FCB		PR2
$0FD8		STATUS
$0FD9		FSR2L
$0FDA		FSR2H
$0FDB		PLUSW2
$0FDC		PREINC2
$0FDD		POSTDEC2
$0FDE		POSTINC2
$0FDF		INDF2
$0FE0		BSR
$0FE1		FSR1L
$0FE2		FSR1H
$0FE3		PLUSW1
$0FE4		PREINC1
$0FE5		POSTDEC1
$0FE6		POSTINC1
$0FE7		INDF1
$0FE8		WREG
$0FE9		FSR0L
$0FEA		FSR0H
$0FEB		PLUSW0
$0FEC		PREINC0
$0FED		POSTDEC0
$0FEE		POSTINC0
$0FEF		INDF0
$0FF3		PRODL
$0FF4		PRODH
$0FF5		TABLAT
$0FF6		TBLPTRL
$0FF7		TBLPTRH
$0FF8		TBLPTRU
$0FF9		PCL
$0FFA		PCLATH
$0FFB		PCLATU
$0FFD		TOSL
$0FFE		TOSH
$0FFF		TOSU


